3 281 216 217
4 161 168 92 103
0 
1 296
5 209 110 25 269 150
0 
0 
1 193
3 290 202 203
1 93
3 13 198 15
3 95 70 32
0 
1 35
0 
5 224 191 195 261 292
1 266
0 
6 127 6 22 243 28 197
5 61 239 234 114 54
1 113
1 201
6 14 111 200 190 117 162
1 3
0 
1 250
6 170 249 18 253 63 267
0 
1 196
0 
3 177 36 204
0 
2 45 16
0 
0 
1 7
5 136 99 158 76 159
0 
1 0
4 75 235 221 188
2 140 219
1 248
3 58 157 73
2 27 259
2 105 106
2 82 284
1 273
3 24 124 23
0 
2 121 263
3 108 255 10
2 139 20
0 
1 182
1 214
0 
1 109
1 283
3 44 119 137
0 
7 107 64 56 29 86 236 87
0 
6 146 65 241 34 40 295
1 115
1 242
2 294 260
1 60
2 163 31
1 238
1 227
6 68 147 79 220 81 225
2 148 164
1 78
4 171 118 38 96
4 21 244 199 275
4 101 8 276 166
0 
8 62 299 286 128 160 184 205 57
0 
1 55
1 230
2 98 48
3 172 85 80
4 218 207 144 289
6 167 72 174 134 268 112
1 265
0 
2 122 125
1 156
5 91 19 50 74 246
1 133
2 26 254
3 5 187 33
0 
1 210
2 222 90
5 39 237 291 41 232
2 129 51
3 277 180 4
0 