17 6520 9542 279 1953 3439 7422 1383 3870 8583 1099 7947 2006 1828 5680 2123 2825 7346
17 262 9459 2389 6153 520 974 484 3697 4499 5352 1837 2135 1450 8898 885 7348 233
29 9702 1686 34 2332 4751 4864 5 4847 9428 4968 721 240 801 5082 5585 6366 8484 4804 1122 190 2044 1842 884 43 7082 1991 977 8179 2356
17 2007 1430 8107 8496 1131 2228 2632 7855 7545 4537 4427 7441 5887 8878 483 2668 5313
17 9099 3469 8971 2643 5401 6859 8256 3853 333 8773 4338 4763 9175 3738 6806 8294 1331
22 4144 5054 2021 1293 320 3525 5086 4372 7601 8746 1683 9389 8211 1104 3103 3857 2985 1868 9019 4732 952 6985
32 7904 6602 8914 5783 9851 3619 9602 52 6236 3947 8891 3844 8607 1741 4117 9157 9995 1015 6712 8694 7480 7282 8703 3282 3622 8004 6959 7276 6358 2116 4162 2306
21 2343 6322 6197 4677 5371 1532 7349 3688 2159 4057 5446 5181 8582 2975 8590 845 1652 3237 1519 1199 7317
27 5317 6921 6914 1446 5058 2789 4959 4900 49 2624 3609 8919 4817 2687 6438 4905 7331 5568 6938 7829 32 2194 6580 5630 1629 3272 1280
25 4898 9661 1699 5101 7649 8776 8936 9645 5641 5563 7580 463 9553 7583 9218 3992 5702 173 6251 4765 5342 9749 6142 9104 7330
19 8452 2886 1175 1760 462 4622 9753 5800 3401 9693 5351 8550 2808 8510 6598 9650 8941 8864 2541
22 7329 6907 3494 9238 5121 1595 9053 5902 2509 6486 5219 4970 5328 9901 535 6332 1694 6973 7688 6238 7779 2127
16 6363 5164 7589 2229 504 6791 4210 7014 223 6367 5757 2736 703 2882 9379 5052
35 5864 6601 5001 1237 6360 9378 9276 5657 1101 2355 2691 8356 4104 7091 5744 8349 5536 3281 6062 2746 3818 7878 2482 8748 9224 648 2072 8260 9519 9386 5514 4310 2013 5786 6324
30 2693 5721 8702 9552 6426 9398 2279 2851 929 8820 3005 4779 6068 5601 7428 1540 4226 7184 241 9185 6006 937 120 4230 3317 2970 3929 8383 9486 217
18 1480 2549 4032 6476 2225 3856 1767 3631 4522 1250 9677 7433 8620 1718 9505 4233 3794 9527
24 5739 4316 5643 9338 8960 5105 658 167 7089 8564 2706 4474 7655 8798 2372 2132 1632 6253 8468 9977 6505 4908 8837 7233
28 6072 1542 1597 4238 6883 2732 30 5343 369 5236 9942 7213 8986 503 7642 9195 8154 7554 2554 2136 3789 8194 1037 2873 2854 7492 5436 1779
24 7003 2777 6187 4 3293 4336 3520 869 8268 5409 5695 5149 1798 5057 6021 1212 7111 6046 4034 2793 1765 100 4539 3696
17 8606 5225 7074 7934 8328 128 5599 2538 9132 8303 8423 3806 8333 5486 74 6192 6936
23 7882 3478 8089 3988 3029 9865 6144 752 677 1079 7717 2637 2679 6074 9940 8963 372 2098 4980 6359 3859 8949 5975
19 8070 8095 4771 398 8339 4850 8470 9466 2201 864 7015 5398 5565 2608 8592 7229 5448 5564 33
14 2298 1887 3026 8985 3319 9916 747 9113 4842 8850 4557 8295 9058 2445
17 3905 9358 835 8205 332 232 1961 9088 9307 7459 6295 1044 2744 9856 7264 8122 8192
18 7314 4845 4868 1946 1457 5707 2790 7750 4729 8929 6632 3068 3824 5648 3151 3071 1726 5654
29 2491 5238 806 9685 1501 3574 3318 6455 3045 637 6277 9898 4164 4831 9421 834 1240 385 6497 6067 2483 7587 5404 8337 3137 8406 38 9801 4717
23 2735 4232 2820 2519 9382 9467 9349 6814 2222 9860 7298 6300 7836 1788 5492 3227 1536 1136 2590 7154 2523 7574 3699
30 6462 7620 6323 4038 4925 1066 4419 3314 2558 3483 4288 2843 990 3866 906 7104 9294 8947 4009 4885 9323 2124 5594 7647 1568 8637 8110 1906 5851 5912
29 7028 900 1748 663 2398 4600 2268 7416 7881 7450 9096 5049 7845 9786 3116 3258 7572 6328 562 2202 7660 9416 9229 4187 4828 5824 2110 856 8601
23 881 251 1548 8705 3745 7353 4010 547 2481 9001 395 3662 7136 5936 7113 803 6713 2827 2363 3442 3460 2944 1513
19 39 8619 3935 6335 6819 2345 5773 436 5822 9258 5764 5723 5759 4623 872 92 1283 474 3635
31 9509 7419 150 9785 7851 1338 8045 552 6504 861 9649 7770 2713 5124 8437 6676 8408 4067 269 4518 8928 4711 8791 4972 4562 328 2070 5074 9388 6849 6431
29 3187 7844 517 6994 1160 4754 13 1702 9311 9026 3845 7321 9198 6173 9818 2743 9816 1559 7174 2702 6407 4641 8022 4179 4272 2935 9279 6023 9250
26 3864 8466 1345 6428 9524 5971 178 3797 6126 4241 4780 5818 5060 182 8899 1112 1529 4439 8857 8404 8983 7996 3429 7682 9992 5925
20 8038 3186 6069 4664 3472 3180 7950 2023 8689 6086 996 7575 5579 4651 2731 3719 1755 3725 1978 5830
19 6830 9520 891 6290 3371 3446 1566 6800 8984 5123 3386 6797 4053 3584 1314 991 2486 3125 5724
31 5437 4632 8872 4659 3571 5090 4278 5395 6716 3166 5285 1818 8399 460 4988 1598 1388 2239 8219 8937 8372 6747 8966 7411 8742 130 193 1801 9528 3953 8753
19 4998 9949 6924 507 9535 4459 7432 6566 9095 4478 1901 1109 3958 1455 4048 132 4260 5638 8996
30 6362 4638 3656 6247 6234 1173 1145 9216 2694 2674 9729 6762 7824 4490 839 2456 1574 6458 863 3570 9972 4229 5263 602 1924 5005 8766 109 674 3193
19 8160 4320 9532 393 9418 8615 2224 4456 7058 7680 9929 6269 2990 3831 3575 6895 3181 1307 8096
25 8991 1146 843 2011 6272 3313 5890 4331 5715 8760 5454 8679 6110 7071 876 6345 6354 976 5120 2532 8696 769 7407 9083 6403
17 3134 2270 9075 7619 6657 5002 3505 9964 1048 1778 4143 1474 8451 3119 2485 1239 6874
22 1817 4387 926 1243 4261 4726 2076 9046 6262 5584 3444 8412 1353 832 5796 4568 8755 9781 9571 8771 2672 8065
29 3198 1140 2953 1810 2150 1843 4418 9283 1005 2126 6776 2020 7515 7418 1386 5211 2675 1616 2312 9450 2394 253 4805 7424 7675 375 3035 7754 6755
24 4303 1912 2180 7033 1687 7979 3701 6523 2380 2501 9306 627 4425 997 7209 3157 7108 6625 4190 6372 4314 8889 191 6208
16 4996 4404 6436 65 3580 386 4496 5539 1562 7992 4078 7594 7670 859 3918 6527
22 6548 6371 8414 6975 7008 8099 1729 1771 6404 3456 8264 4248 1292 7597 5187 4271 3449 4302 7512 2227 1279 6517
21 8732 3407 1915 7064 895 6301 1022 9837 3549 1671 5154 2914 5736 80 536 6379 2475 8546 6213 2496 1716
26 9503 5393 3252 4371 4284 9875 9396 3979 8800 1108 2083 6727 7273 4692 5878 4073 9947 3576 8135 992 9832 8829 1492 3232 2875 777
30 9011 4612 9433 9219 7455 3908 6531 686 1580 8069 1395 9155 1259 2417 9289 1016 6658 1222 1321 3039 5832 9721 8990 7959 2354 5883 9000 6698 9922 8682
28 2881 2142 9017 8253 8521 5034 7162 7822 4217 1711 8852 2062 1900 6043 2934 5305 1332 1739 6387 8618 502 5656 9454 7145 9335 1799 7780 3300
15 9764 4134 4878 1560 1180 9270 1482 5478 161 3093 12 4096 2734 5161 1269
20 7182 4561 569 9260 5545 1148 9886 9353 7098 842 4528 3932 7311 846 9203 4877 6807 7378 6616 3159
18 605 9959 2596 5905 2763 7312 2429 4337 8993 2508 1233 5534 3562 9752 7110 9061 1833 2826
24 1107 5896 2415 5470 7047 1034 3486 5618 9492 274 2002 8255 8856 8344 9151 734 8341 5933 6839 669 8640 7434 6596 5839
21 6834 9012 7569 1076 1731 1049 2833 4778 121 3835 2347 1494 3714 5355 1472 6622 8242 702 7303 158 8846
26 2605 107 2579 1046 6915 4553 6148 8758 1348 4544 3822 7357 2531 5987 5439 8876 4075 4797 7283 9766 9369 2401 358 9839 1806 3611
26 6740 5658 5031 6678 5176 7669 8603 3145 360 8588 915 2423 1312 5429 2349 7714 4601 2799 7327 595 6974 7818 433 2834 8678 9287
32 558 1968 6210 9206 5964 6872 7667 5760 5389 4000 8796 9799 8635 4856 1745 8636 8386 8450 8855 7885 7984 1315 3783 3148 1493 7366 9500 5234 3595 6986 2593 8677
31 2288 5314 4713 2010 3782 8108 2399 6822 5937 8674 5557 5117 2436 3261 5026 7999 4914 9014 64 8400 314 2106 2733 8098 8216 9948 7712 3808 6394 7504 4358
25 9624 2412 2524 4582 3052 1281 4718 8141 1645 6655 7908 6219 3301 2753 2189 1018 7564 7060 457 1089 2157 6836 1100 5508 3008
21 7476 316 7744 8140 5206 1742 3811 3000 9126 2603 9020 3526 9319 7032 5376 4755 3325 7857 5691 6449 306
23 6382 2652 3753 9507 8189 4630 6033 6925 8322 6930 4814 808 813 920 3153 17 4653 5561 3316 1986 2498 3129 4798
36 6581 3262 8548 5632 1375 9364 3411 8486 7304 1406 8685 8396 4101 2396 8763 4194 9703 3627 3320 7893 1864 6111 7654 899 4935 112 1824 9701 1499 6561 5191 1193 4933 113 4068 2504
32 1773 634 9030 2597 9315 9887 2560 4424 6284 7814 9314 8765 3112 3568 6368 9235 3683 6957 7040 5666 7724 1822 6215 9223 3260 3842 8757 2078 5528 2901 2420 1407
22 7280 7907 7088 4274 6048 343 1638 8103 4041 8600 7482 5252 2295 1495 1490 7165 6506 8151 432 3787 4177 3158
35 8239 3779 6555 4323 2947 6624 8165 9667 2029 8544 1372 4657 4738 5360 505 5672 1846 1609 4479 6824 8539 8939 4871 7190 8153 2898 3122 7305 5273 5461 5338 7677 3111 3283 6736
35 2204 8568 1039 1853 3841 9561 4398 4124 9628 546 1144 9170 1308 1445 3991 8560 6511 8623 7547 8208 1177 9473 219 7389 7803 2244 3428 3270 5631 5670 7951 5868 3883 3762 3224
33 7347 1932 1827 921 443 7743 5162 6204 9285 1928 8822 5055 8970 5144 8171 8298 5834 6471 7674 9853 2801 7326 9063 4401 5208 4102 3365 6054 8999 27 8285 1969 5639
20 7966 2983 9809 5842 841 4533 4960 7166 89 3172 9194 3963 1949 4326 5464 6296 8270 9495 8769 2494
31 3508 376 8681 28 6763 3990 7523 7529 5468 7830 5710 3858 3217 1692 8305 5986 9952 8712 6163 4180 9129 7809 9560 2387 7054 8854 4237 7652 8142 3931 6995
22 5156 7728 6242 3512 8424 1903 3178 5995 7489 9025 8935 8660 6423 6302 6275 2888 8844 7119 7393 838 8129 8514
14 5763 6241 3275 8197 1785 8477 4267 1668 1685 4211 8621 419 93 7773
24 1721 8066 1004 6334 394 1002 4833 1460 1523 4706 6120 8196 6809 7756 9774 2175 3899 5076 7890 7913 4275 4873 4023 5550
27 2134 3397 5899 5222 5547 1764 6177 291 7531 3997 4535 2032 5596 6478 7942 1787 9983 3711 5509 8321 4775 7359 8673 2113 579 8379 8121
22 264 8438 4082 1762 9868 1017 9847 6027 1696 8041 1503 7292 8580 7605 3924 662 7343 50 2619 8463 9858 760
18 7373 7867 1614 1647 7364 7752 5388 4743 4417 4946 9274 2047 9761 3353 2812 2357 5941 4070
19 8464 1415 6159 8411 5501 1275 1117 4903 7841 8363 4098 6549 4837 4440 4364 6700 3341 545 7838
32 928 8587 4092 5900 1241 3477 6459 9842 7514 213 6711 9873 6567 469 9254 3871 3170 6186 715 8475 6316 2933 9911 186 2318 5358 9167 6777 5115 7336 9970 4911
16 2591 6279 815 707 3346 8751 6845 9918 1805 3552 3880 8190 586 3458 368 3904
28 5426 1724 3960 2027 8313 8793 4287 879 792 136 2273 2726 2606 6670 1327 3012 6871 7683 6888 5053 6991 8821 5346 8393 1793 5326 259 3970
29 4924 252 9153 440 5662 2338 4758 4576 4391 5807 9160 6606 1355 1967 1807 4923 1182 6308 5118 2419 6100 2580 2774 2919 9394 1914 7510 8875 4774
33 9489 9508 1983 4839 3062 9417 478 5615 5202 1336 8709 1162 68 1981 6035 764 9877 5172 2033 8980 8943 8172 680 8269 5438 9210 4236 6510 1087 1343 2621 994 5420
9 4301 7621 6758 8465 3601 7409 9469 2015 3578
33 8721 4026 4730 4322 624 8827 5847 1814 5733 7508 5306 9836 682 3016 2779 6038 3274 5994 2017 9401 8431 3602 7976 6450 2757 2165 6278 3556 9794 3421 2373 7912 7692
27 4087 5894 6482 5213 7405 1506 2200 988 4531 7421 8610 4083 1132 246 4171 7245 4979 6637 844 2760 4725 543 6563 9768 8581 9737 1014
15 9100 6583 4240 8492 7299 924 7167 5785 8057 4879 3381 9111 9951 7362 7599
29 9897 4625 7427 7986 6085 1820 6688 4541 9087 4345 6931 3331 1134 4982 7410 9716 5911 4313 9282 8925 4159 1709 8374 2058 7689 4589 4118 4958 5141
25 5377 5480 1905 36 6942 3620 1050 1427 6123 8814 3345 8218 7223 5805 4100 3793 2828 7215 3209 119 3655 6294 84 9429 5867
29 9444 4658 3910 5353 995 9939 8358 3083 7269 8094 5433 2066 7070 3406 2900 6216 7141 6768 4517 6993 8350 7877 2927 4352 9105 1571 9651 688 8249
24 5321 9782 1469 5119 1249 9603 1581 1437 1423 8490 8944 5493 3923 5910 6869 7439 762 3264 9756 8042 3297 6798 4231 7242
28 6724 7496 9146 9627 4431 5774 7477 7875 9045 4938 4606 9033 485 3511 5411 5359 3891 1674 4783 3176 1439 3238 6183 6816 1649 124 7534 9404
19 134 3435 5274 8739 8279 2941 7636 8809 5016 3240 2216 2245 5216 9576 2830 1963 2870 1426 8088
24 3887 6088 2037 2234 3825 4064 2043 6780 7777 9920 6735 9448 4886 5718 1664 2673 5268 7876 2409 628 9211 1125 8992 7742
30 2787 9588 7125 8282 2064 6529 5265 9682 3543 7262 2235 5421 4921 4955 3412 7722 7375 3739 3426 635 4373 4044 1988 2203 6767 9164 7484 7800 108 2546
23 4532 8808 4294 7848 8923 2432 3537 5131 1808 3378 955 5247 4926 3307 4660 9892 3928 7897 9708 718 4808 6420 7437
11 3491 9539 4395 3070 8498 5344 8213 7237 8330 9327 7061
29 2984 7100 155 8664 201 4330 9616 3976 5979 404 3607 3124 3357 1601 9039 8250 514 5289 980 6297 195 704 2464 3441 9119 387 1737 9578 4500
22 613 470 1736 9139 3006 1371 6143 4198 2207 1740 7049 6847 8385 7380 2628 5277 3596 6898 261 5885 2408 5634
35 9751 5984 3509 9889 853 739 5169 9069 720 4209 4250 8222 8436 3452 3020 4822 3994 4578 1169 429 9136 4906 2924 5008 1553 465 4446 8368 4592 6518 8381 2964 6232 7007 4426
29 1071 4253 4662 53 1621 417 6731 633 1964 6326 3251 6477 518 4045 1761 225 9163 8562 4416 2108 6077 6905 7097 6007 9604 5737 5688 9907 4403
17 4450 4753 3645 6289 5750 3668 8806 7517 1368 3121 5819 4362 7206 9996 3286 3077 4516
20 1594 7720 2360 5784 3003 9890 5298 6570 4432 3777 3200 807 9932 426 6944 9803 7607 6829 6118 2695
36 854 8343 7168 3118 4961 455 706 8461 6897 9587 2742 8644 7254 9692 7211 3639 6339 3436 458 6443 2014 4161 7335 9432 2232 949 4349 4382 1176 8790 2450 7045 588 3790 1538 9644
18 4184 1624 2111 6627 1578 2418 6980 9687 2329 58 7382 840 4223 144 5469 5538 6704 5954
28 7318 2594 3222 3644 2616 3759 1573 1429 9973 8117 709 4199 1635 7488 540 8378 5385 2452 8720 8604 3433 3888 4889 947 7275 3253 6456 3072
23 3311 4869 2381 8257 9869 6588 676 3388 8917 7185 3196 6533 1603 3427 6040 3567 7308 4999 8326 7804 4770 6557 3502
26 288 1476 2839 1772 8166 3465 7009 2878 1379 5511 4452 556 4086 5466 1618 1980 435 6468 2211 3025 5747 9608 7505 2031 1285 6576
22 3265 7048 5251 6489 1268 8815 3326 4116 3347 5956 664 4342 9632 4875 2638 934 5881 3149 5444 8241 5184 7556
20 5625 7718 4262 2837 5093 4685 2690 9037 4807 5254 6121 9696 8964 2700 9923 5477 5519 8684 4059 3358
19 3962 8308 4618 5209 890 5416 7967 5243 1890 4943 4415 2906 1203 8093 8367 5560 4704 8728 2176
27 8885 8247 3312 4596 2341 1883 685 8336 3903 6293 7696 8527 9631 6619 9127 2370 2611 6020 6446 8050 7535 4444 4974 9830 5197 7256 4154
29 129 2879 6969 1672 1907 5354 5019 133 20 5270 118 1441 3430 4202 5629 2645 2842 4564 2489 2917 1959 5787 60 9317 3885 847 7886 6416 4191
31 8667 8449 584 3742 8161 7977 5442 2437 3336 7693 4168 3499 661 4077 6851 5620 1836 9415 9820 8517 4741 4429 5465 3167 4151 5114 7198 4312 7759 6223 8067
29 698 5460 4378 5080 4013 9611 79 6500 7964 779 3886 7764 2190 6904 4328 4835 4790 7244 5085 5372 2060 9385 4552 7161 7156 2323 9968 6779 4329
19 3877 1525 8227 4188 9275 1841 371 9066 7668 59 7631 3530 6019 5745 3663 4512 4649 4283 9593
29 723 2682 8556 6396 7495 3415 5752 1154 5703 5160 5011 6923 2872 5210 6461 8132 3523 66 9110 9383 4670 975 8870 4759 1306 8130 7295 4072 2650
19 1680 1468 4309 249 7055 9488 9635 2980 2308 7985 2633 4696 2838 3219 8965 1920 837 5884 3972
25 1725 8079 9118 7454 5339 650 7616 8995 719 7449 3171 1059 4558 8133 9234 6421 2569 5872 5700 4359 1443 822 6917 5173 7518
10 6169 7291 9573 1449 3907 1693 5920 5139 8509 9927
25 8893 1456 7637 9434 795 3730 5797 2950 7116 9123 5840 8584 7002 8049 2416 3528 77 1083 7842 6794 1679 1366 2009 3432 7954
15 9451 5324 9990 5143 6410 7469 3605 2212 9073 7811 4384 4441 2599 4142 3849
26 5679 7374 5961 2403 1509 5592 6875 2807 6823 248 3604 2782 3691 389 8425 4123 4447 3621 5684 3067 5597 452 9760 6243 4945 9833
29 4029 1831 6466 1644 188 239 9242 6737 7128 8068 3967 6105 4966 1791 1061 3249 1316 8613 4703 6156 2158 227 5288 7356 1690 5957 9293 4308 7503
28 5997 9057 4497 6810 5311 9431 9607 3815 2125 8077 8849 9490 7827 5435 379 966 1768 3228 7708 3044 7926 573 5366 4228 9662 1297 7491 1228
23 3705 7144 1168 1867 3843 6499 5107 1346 2005 603 3876 2666 9351 5865 3764 510 3031 7130 1885 5644 8493 5392 4090
18 1374 2993 143 4282 5951 2846 699 3105 1245 9207 4269 6765 409 7971 3085 3709 4756 943
17 4135 5482 473 5610 6264 3723 5849 2671 293 9070 3231 3202 349 5088 849 652 9214
29 8625 8881 7983 6742 6852 945 3677 1065 692 2487 5374 9656 2282 9262 2206 318 5228 176 671 5686 1082 4812 7819 3292 9002 5024 4567 7552 5471
12 3256 7468 9641 23 2371 9980 5406 9225 1863 6604 3377 2969
28 3625 2847 9485 3304 7112 5587 4965 1972 290 6000 8671 9036 3032 3169 5148 2783 3135 2730 9257 2339 2513 7247 2463 6498 2907 9618 5704 3501
32 631 9956 585 8675 5970 6963 787 6084 1697 3735 4121 4389 6160 3717 8252 1278 1244 3632 9904 7958 6434 8157 7730 2598 8577 6774 8020 9936 7106 609 9380 6460
30 2147 5434 5281 7367 3102 927 5276 7509 9728 9134 9093 1220 705 862 3195 6815 5428 6391 22 7917 6770 6493 2785 875 4529 1276 2940 1892 5126 388
27 6526 6943 8173 5329 8680 298 8447 6817 5939 3939 8027 4305 9212 7843 6282 5267 4656 5789 729 2342 9680 4957 3837 7170 9652 4712 8481
13 3215 1341 6388 3391 8364 3361 9740 6840 524 5510 5198 9787 5983
28 7196 3703 8863 3058 7585 2748 3938 1485 7925 4587 5705 8005 6337 6082 6381 7862 6674 3033 3416 5244 1070 2274 9841 9934 1393 7946 5575 5730
27 2692 9678 7557 4181 6212 7823 4014 117 8317 7768 2434 2438 2974 9744 1098 307 6536 5958 1019 2631 2458 5245 8335 644 3065 2989 3898
31 8565 4593 6124 4854 8010 2137 3978 170 593 3606 7965 8904 9190 7658 9342 9390 6132 9613 9209 4504 6310 8174 5096 5237 1498 7705 1333 9348 780 6087 6669
31 5593 4614 8643 9406 5102 2262 1185 7623 5364 9610 3817 2008 9178 4602 3110 8181 2493 6535 7024 2490 9049 810 3040 8291 9050 5616 4840 7493 9502 5158 2454
16 1188 8624 9530 6977 7440 4334 6190 6848 9670 2775 7231 8318 4472 2810 6785 5255
23 619 1092 9834 5512 1707 5163 2154 9909 7755 8530 7485 326 4521 6442 142 2635 3315 6597 6066 3784 565 3687 5137
28 2122 6696 913 3418 5279 9521 2582 9498 4904 3987 4299 3659 6599 6587 6117 5447 8023 7766 5569 3082 9268 5945 1257 6721 9750 5223 424 3563
34 8749 8014 6309 4244 1424 4412 1484 6270 1370 1052 8418 1200 276 3850 7004 2905 1869 7137 7721 5253 2252 2221 8507 5010 9357 7666 2337 8273 6257 1081 2997 6539 196 6720
27 1545 7302 8033 6764 8479 675 9572 4934 6593 6620 2102 7549 987 8360 5523 3380 4650 3765 7115 2952 6952 3624 5189 6646 8123 4257 5717
25 103 1003 6884 9403 8217 7479 1781 8781 7961 5714 4453 4686 6906 2849 889 4621 9094 555 5960 5242 4003 2762 1592 5640 5340
21 8786 8432 6560 1251 7520 7507 4277 4200 2188 8175 4574 2966 6544 9976 9567 254 6853 9558 8860 1611 8840
18 3630 8380 6472 7664 4681 6138 3802 7339 9343 3437 5725 7140 8309 9914 2105 9299 4031 6377
17 5452 7332 3205 1982 4473 1522 9015 3279 8357 1400 9864 7731 8488 8723 4056 3936 90
26 4148 2893 5142 498 868 3220 940 9710 3034 2604 7315 2656 7974 771 6397 6722 8626 9621 6919 2658 8930 4153 1422 6304 3014 1508
27 7387 4880 8676 6005 8258 9758 4971 5791 1544 3600 6002 7837 7041 3579 7596 3182 3084 9556 2719 7272 4008 9827 9684 5345 5304 2764 3321
15 1666 9435 9281 2035 5449 169 1855 238 9116 4929 5605 6056 7388 339 2025
27 2918 3792 4977 8051 3532 1475 2876 5841 7887 6047 5646 91 4652 2885 7232 1782 4225 2771 7871 742 6092 6448 9064 3943 6057 9743 9706
22 5151 4363 9184 7081 9208 8467 1106 6488 6633 6562 8373 3902 4956 3686 9855 8031 9522 766 5645 950 2625 8883
29 2499 6220 5017 1073 4605 7788 7001 4707 8737 4737 4688 3657 8611 4140 2284 7847 5099 3895 9852 5310 8906 111 8118 6402 2704 2118 6044 3199 8629
25 5833 5779 4243 7481 789 935 5588 9570 1593 2813 5397 2046 5204 6868 5459 277 3053 2041 5297 6104 319 4455 4637 5738 9999
25 205 4486 6004 4265 8761 3550 4463 1784 8376 2542 5748 1800 5507 2720 5926 57 8861 2738 2208 325 7400 8159 5893 9824 422
21 2959 4776 9735 9474 2457 2636 5240 9536 1127 2860 8730 5150 1746 1858 21 8472 2254 4156 208 2003 9232
26 8868 4046 6463 5084 2678 6909 2293 4585 5431 2278 3050 3107 2587 5863 2151 1458 6129 9955 560 7381 1962 2788 7571 4967 8419 9819
23 5260 7290 8410 2586 7901 8102 3385 1774 8957 5740 3328 9625 2167 9808 1865 9937 666 1848 401 1432 9038 6164 6679
15 9663 4091 3682 5405 6614 7077 6589 1994 3840 4616 9103 2939 6001 1713 2926
13 3828 3829 1695 778 6222 2321 8563 7354 9047 7973 2051 6414 4406
28 4647 8692 2367 4848 2197 8836 5165 6237 7120 3369 2506 3803 8777 1290 5473 5682 1051 4477 8032 563 1859 4344 1054 5012 5532 9806 8513 5734
20 3163 3610 8206 7340 5045 2539 6675 9493 3823 9156 4687 5993 4234 56 2571 6221 6383 6128 9226 4027
18 7892 794 8886 1974 5430 3684 2369 3263 3948 4843 2552 6968 3781 1669 6686 9391 2510 6166
15 2863 7528 998 2091 15 2696 1945 492 9458 1921 1211 9169 4433 1462 8017
20 8048 3647 1221 7573 2578 8750 7656 6710 4356 4761 4785 4216 6392 1792 1658 313 4777 230 7023 3294
31 1691 7868 87 3521 1587 701 6654 4794 3934 200 2477 9078 6395 5307 4033 9029 2584 3409 4108 5607 2236 999 534 6479 6417 590 5761 860 575 7918 5239
14 6108 5203 7227 4051 8887 70 3626 1394 6327 6254 3718 6682 4448 1058
20 5604 2866 1414 4197 8772 2585 7560 7931 7046 6592 407 1463 9102 6771 8354 7263 6719 696 656 5168
31 2261 7945 9193 7991 5877 7384 6196 824 9840 7240 9368 4922 9805 8926 812 772 5458 8865 3518 783 1886 5810 8638 4619 8278 6424 8052 3028 7879 7784 1590
11 4220 1011 2660 1196 4141 1916 1116 5129 8443 6013 174
20 5950 6249 1091 670 7522 5128 3597 4132 8841 9899 5829 3123 3161 8759 3047 6425 8501 8223 9544 4588
25 7205 7771 3291 6376 4130 7043 1230 4581 4139 7067 2414 8847 114 7511 4030 9835 8805 2776 3874 6726 1412 9298 625 110 438
21 2382 9355 3652 1752 1436 3042 1641 1943 9264 2377 7246 7790 2215 4105 4669 7270 7216 5583 4421 2916 3553
31 5424 2056 1213 1955 1634 1142 8973 2271 7217 1337 8698 6179 6861 3097 226 6079 6757 8214 1347 1984 9125 9337 1118 7429 1682 9516 2572 9715 1849 2937 4351
21 171 245 888 2138 9 8487 6701 761 7173 4791 6390 3004 5414 5720 8666 7840 9748 4693 3230 4724 2961
24 6514 6370 3617 3175 8193 4182 4457 9590 366 9894 8859 6103 3809 6950 901 6317 993 3770 5556 3455 4551 2972 1115 2758
34 5072 9310 5671 2932 9638 4281 5976 3522 979 8168 9405 3339 4866 7566 4201 1937 7783 8034 6857 2059 9419 1796 2267 8233 3287 6244 9443 9791 4280 468 5248 2088 9487 8557
23 9447 378 4095 7404 6341 411 1351 9115 3463 5443 497 5020 9138 7199 3892 4803 4527 131 6813 1167 5229 8754 2297
23 2082 8778 6445 6708 6369 7760 3769 512 96 2107 4661 9453 4538 1516 1013 5574 5749 9173 7963 3495 6151 9246 5919
17 8046 7160 8327 139 2220 4793 4319 2196 2889 9671 9998 1201 5825 9882 8566 1377 5021
27 7937 8338 2467 8740 2484 6352 6361 7919 8858 9013 2856 6579 8021 8797 4462 961 6435 3335 5831 831 5218 571 1656 7175 5931 3236 4629
31 4942 8526 4665 9583 8454 8455 4820 7050 3945 2792 1889 8900 8639 1236 7745 1210 7470 4565 6538 3142 6075 9747 1405 3092 6638 6356 7084 732 5502 537 265
25 2112 9559 1847 1398 9551 6671 8910 5722 5628 9174 148 3021 7921 646 7807 1036 228 2448 7526 1770 681 9325 5185 2263 3941
20 6181 5932 1802 3305 3338 1287 7558 659 1027 1701 98 2996 2128 1524 7430 400 3017 2684 5417 2561
25 8167 9090 4112 3096 4939 1401 755 9963 3454 3417 8007 2497 3673 9081 1110 3108 5079 8361 2283 2824 7473 978 1951 8552 1794
28 9097 3669 5125 3863 8725 1688 983 9267 7981 2079 5061 3164 1247 4145 2634 4016 4354 6307 1409 5699 4461 1585 6585 4160 8384 5852 4995 2325
20 8736 4987 6750 45 2455 7035 6718 1178 5801 3585 2568 2185 9007 6174 2555 5290 5676 9395 3919 7703
32 6689 9028 3623 1234 4573 2069 7627 4633 3933 8502 1627 1643 8693 5948 1539 7188 4289 1069 2441 9334 2162 4081 910 4501 1661 9010 878 5765 6246 7751 1663 6099
31 6935 2092 6934 7065 2097 690 892 9900 1304 8602 9462 4297 3586 7377 5923 1262 5659 7131 7982 6401 2034 7856 8202 2259 737 954 3453 7456 1263 3154 6703
32 6102 2313 7923 5037 9697 1369 2795 8951 4739 8631 5233 8538 8169 7395 4627 7072 1588 3724 6347 5944 7344 3366 6878 748 8848 9770 3351 5043 2630 2814 5952 8237
34 380 6855 7749 905 2311 5047 8346 8125 5775 3241 3896 1139 7998 4902 8933 8409 5013 6182 9177 7092 566 4519 9933 2922 2195 6280 5582 724 9594 898 9354 9731 1913 4746
18 1586 6715 8170 5373 9373 591 5735 7063 6591 5590 4126 9746 4986 6651 8658 1397 4975 2948
14 2379 917 7578 641 1420 2565 4604 2640 271 2567 1561 2727 4546 9954
25 7253 489 9612 2722 2832 7593 9365 6808 7548 6042 600 515 804 9321 6775 6734 3276 3076 3894 8945 2835 7735 4674 2708 7013
28 3749 187 1124 2067 7858 1596 2385 7805 1470 8177 2986 9961 1389 6955 2960 8164 75 1077 2300 5692 3481 3957 8228 4183 728 5004 1651 5762
26 1816 9826 3763 8905 3489 6374 711 9280 2626 4254 1948 3233 6609 1936 4307 9316 2114 7294 1381 5386 6134 4648 7995 727 9772 6453
24 3061 874 4149 286 7502 6648 3839 735 9171 9370 8989 3915 6746 2028 6130 3484 3545 4146 6515 4816 198 6230 1786 4492
30 2512 427 594 6608 5003 3348 4795 5781 9005 1330 8977 6730 672 4772 8162 4976 7617 1505 3177 817 781 7398 1735 494 4663 6503 886 4931 3229 894
23 2662 4610 1957 9966 2411 5286 1296 2301 6150 521 6843 324 1667 6343 9131 9811 5257 7661 437 2071 7796 9541 352
21 2272 7943 923 5577 1434 4607 5022 651 9935 7021 7883 9984 2521 9054 1156 3393 9523 4899 4760 5526 3852
29 5619 2931 3041 3513 2864 390 695 2094 5110 1020 5341 2375 9985 5381 416 141 9928 6194 3914 8981 1010 7812 902 5613 8426 4001 1461 1861 9199
22 2242 9166 5578 7101 6268 1093 8388 1990 1385 7225 7600 2681 2871 8956 37 4849 4442 9991 1750 3408 1387 583
24 7970 6958 4193 5323 8902 6854 4133 5147 4408 6741 2725 3524 1665 6805 3999 3603 4728 3995 3826 7643 3812 149 5848 6415
18 9944 6564 6519 4679 4483 2424 2478 4721 8101 9345 4136 1349 3056 9510 4369 8594 1775 4580
26 8244 745 1899 6303 4222 4792 9565 9669 2099 1723 5089 6336 2296 9884 6276 7628 2139 9071 2705 1487 9122 1871 4992 1829 7471 4175
32 2344 1428 1660 3074 5217 8892 9484 2995 1303 7646 9557 4964 2065 8807 341 4930 3488 8787 8508 8969 157 7586 2219 5127 260 5871 7538 9200 3298 5973 2819 5069
16 8124 7810 7494 5231 4829 7423 1840 6364 5036 1570 2769 4214 1128 439 5929 7147
25 3090 3555 2768 4484 7968 4324 9423 9633 6252 9658 4315 7598 2089 3754 1612 7894 3964 9022 4702 3184 8403 9993 5576 2143 9124
10 5505 9477 6355 7793 756 7159 9186 7467 2951 8788
20 8402 1754 1207 1564 3419 5942 5167 486 7603 9885 9876 3189 4554 31 7761 5250 5873 4052 1496 8570
37 2198 2352 345 2275 5014 4196 2600 8908 7865 2335 4263 639 3648 8442 222 3666 4683 3500 2210 194 7694 9457 3344 4071 7286 3485 5028 7765 9302 391 9478 4489 1038 8262 6891 2145 1866
22 3117 8366 8543 2075 3113 4731 8780 5989 5379 2515 3295 1094 4841 2518 3736 948 5713 2667 2723 8542 7038 69
29 3173 2714 9581 2468 3731 3493 9705 9568 6552 9330 62 3651 4035 6229 7051 660 2500 1860 9470 1483 5541 7698 9023 9640 9051 4339 8756 1396 820
25 5481 4385 3741 5068 7210 7281 3561 6502 5375 836 4815 2087 3541 2968 4526 6030 3734 7022 6265 5827 4645 9202 3450 4006 6600
32 1572 2462 5348 2305 9233 4668 2818 177 1084 7011 9215 9422 8744 3302 823 4894 3747 5357 4304 7955 3594 4895 4530 6673 475 9248 7252 4157 5007 8843 1944 3188
22 7293 3120 8392 6125 7132 3981 4742 5685 8825 7127 6091 7138 7570 9913 4861 428 7772 9344 3757 4022 3615 9461
30 1286 7328 2609 6611 4020 1825 6773 858 4819 1032 6411 9091 3672 5337 6080 51 1877 746 2149 2938 5179 4268 2435 1072 1095 7614 472 1408 8500 4639
15 1119 1380 9400 8377 6756 2852 7414 364 8037 4503 5180 490 6112 4910 7085
18 8745 2946 4467 8646 1235 7180 1253 5097 3641 722 8650 4969 8774 9228 7559 7641 340 351
26 8762 5039 4799 7889 2063 8054 3055 8028 7301 1733 2848 9237 4360 116 481 1577 1891 3649 2739 8116 8137 9821 1602 6832 1897 9092
16 6145 5949 9221 209 1194 4509 7426 5092 9888 4855 6772 4550 479 3075 476 7260
24 4735 2815 5617 8246 4480 7786 8738 3860 5349 9620 5552 5843 7201 4507 4430 1881 1751 2618 1350 673 770 2715 9642 179
26 6012 2544 9183 4097 3208 7365 725 8267 3785 4341 6218 5440 1997 8729 7739 6569 2253 1272 6157 2928 1300 5227 4481 3470 5484 1206
16 1486 3560 2602 3400 4824 7412 7 2217 6494 8063 740 1358 7057 9442 8453 3722
20 8767 9784 2050 6677 6060 7915 8537 2535 5667 3661 3744 7916 1637 3616 4251 3788 9906 5331 1376 6155
35 6480 6933 3712 5727 9008 4407 533 6026 6185 3462 5025 4682 5555 3474 5996 9482 2992 1826 9472 4570 1620 8783 2962 5378 6571 5365 4409 8183 3955 2388 1130 5368 4435 1882 9943
33 2119 4981 359 7900 986 3996 2178 3464 7975 2402 1950 574 622 309 7747 5663 1309 9859 9545 6680 8342 7899 3875 6430 883 5559 2514 7066 6492 3382 9895 4716 5537
29 946 78 793 5145 8536 5027 1120 5812 1589 9372 8811 6534 4475 5966 8802 750 331 3363 8433 632 6051 3234 4993 9329 3998 3 4392 2677 127
26 7322 5018 5647 1728 5595 8300 9004 9724 9205 6932 2471 1008 9511 8352 2562 7657 4579 4290 9660 797 2686 4705 2247 2192 2218 4733
16 654 8080 413 4445 5335 5980 6745 5860 5041 8083 2205 7757 2651 7990 3403 9647
24 2806 3223 5855 614 1839 4063 914 1940 1613 9145 5066 8909 1305 3248 4353 5753 9086 42 4752 5111 1541 3653 8931 907
27 2978 2840 4047 5687 9320 6941 2623 3390 2085 8277 8100 405 2407 1202 757 5728 4556 6896 6050 5087 9699 5499 713 9674 4876 9481 7748
16 4884 8006 7279 8188 1000 3546 1324 3490 9272 501 5690 5132 2378 5909 7767 8226
20 447 5716 3698 9288 9439 2929 6784 6255 9776 2945 8427 1227 5562 7219 7107 8830 972 9150 4991 4343
19 2741 2648 6133 1302 464 7203 4699 7938 8522 8535 1339 6418 8076 3204 7417 1700 6338 5959 7634
23 4163 2155 1520 285 3670 1874 530 8921 9912 918 5474 6697 9960 2994 7171 9730 6783 8043 8340 7102 7588 4698 3504
30 5895 7633 2653 8185 6096 9849 2170 402 1183 3497 2841 5410 5566 8567 8025 9375 7068 102 244 1898 1977 6107 5719 2511 4863 83 6908 6786 7249 2683
16 9788 6759 9719 6228 1575 6256 2581 1747 3768 7224 2251 9700 4626 206 5302 8441
28 4460 1705 1766 8533 500 3271 3323 971 9027 4750 7358 1677 621 8515 2761 5642 3952 1756 909 1317 526 8148 7704 8817 3211 8289 542 4065
29 448 3737 357 4394 1417 1734 7723 2559 3038 5777 3190 4870 4368 6894 4061 8735 2121 7676 4125 9592 6432 317 3352 4279 2350 2422 9683 4963 7956
25 2522 2366 775 4978 7195 805 8734 6920 6650 2226 981 2857 4594 1549 1941 7839 5955 5918 3771 6116 9515 1902 3529 6325 7261
30 7798 679 7086 8874 296 5697 7076 9664 982 9518 3308 506 9244 3949 1854 3893 6885 2024 5548 9874 8401 8266 4375 6041 8962 8155 8657 6331 508 8191
31 3330 4212 7576 300 6542 5488 2798 1960 4844 258 9147 6992 8585 1567 2081 9120 3740 6996 4502 5195 6537 4062 857 1231 4015 3404 7124 9767 9930 1258 2173
24 3548 5356 7109 1096 653 7902 6507 5095 2979 1063 6422 7368 8405 9917 5220 4954 4318 3043 3942 2973 151 7498 3869 3583
21 3982 7997 6094 6663 408 1708 6761 6699 655 9296 9881 3059 7753 6661 1085 2858 2557 299 7542 4355 6452
31 9689 9441 7595 6574 7513 3424 7445 3036 4720 6214 6951 6586 1288 2440 3814 275 6962 1710 1809 6981 1103 9494 4867 2449 3405 85 4286 3131 1198 1628 2255
22 9967 9953 7221 5661 6913 7163 1166 7222 8314 5990 5627 6119 3473 3376 6217 2383 4321 1769 2359 9902 4438 6706
19 3206 9303 9630 6683 7590 6271 5367 1517 6162 4701 7123 1880 449 6008 1556 9525 7533 2529 4204
29 3940 798 3592 7562 7186 623 2315 7059 1777 6837 3099 1031 3572 9695 2915 6389 2883 3370 303 5741 5981 5029 5882 3884 5272 3900 9534 3268 8271
30 5674 8934 5130 9800 1151 9717 8114 9089 1535 4932 250 7906 3244 6437 374 9512 689 941 7150 9619 9440 1896 9305 4103 4131 3692 6409 8810 2331 6881
33 19 6227 1060 9077 7802 7392 8834 5611 9796 6972 7026 8428 827 2689 8347 1576 5854 7139 7582 8147 4178 7911 7941 4039 4676 8907 3540 1265 3387 5828 3100 381 40
30 1554 5078 3674 2465 5109 4510 8503 9733 495 4024 2794 3882 8186 9480 1158 7615 5799 8896 6193 2507 4122 5558 6273 2130 9598 8053 9356 9779 1062 3392
27 1908 1322 9626 9265 5303 4470 553 3879 4493 6089 4883 8369 3183 8828 1410 4545 8867 5503 5862 8691 7005 189 278 9255 4859 6114 9925
19 8353 5968 3531 9222 7826 8880 4428 146 7297 1123 3080 1623 5927 214 7650 1291 5780 2784 6291
18 1155 5606 5100 7069 9359 335 4853 9143 3327 4608 8938 2728 5259 5712 3613 4207 5546 5056
14 4340 2214 3216 4597 2022 6965 6946 1834 5982 6582 6647 4635 8329 1416
33 7501 7584 538 8275 6645 2987 3420 1607 6097 1360 6900 8292 2233 9247 9080 2712 667 5678 5445 5396 8591 5977 9668 3956 8952 8482 8120 3836 1150 7062 6063 6690 1464
20 7181 2540 2303 3968 4634 2183 6202 6749 8523 1550 8616 7016 5649 1440 6605 5188 444 9393 513 5332
24 938 2958 8106 3168 4599 1875 8888 6820 8382 790 782 9946 8286 1352 3702 255 8003 3144 281 3588 4559 6989 9135 9828
23 3139 3689 3975 4852 8420 2473 758 989 282 1514 8589 4800 1958 9449 5633 8491 7053 1852 4215 1277 5081 4865 3259
23 3091 1311 8015 8545 4158 9994 8608 871 4920 6641 4901 3761 6862 3194 3618 6180 3986 2264 6833 8574 9838 5573 8701
31 4575 559 9060 9006 210 1617 7644 1884 4292 8301 2340 4332 8320 4888 6522 4609 8768 4566 192 2680 7306 9067 1064 8648 6283 5030 5135 5677 8293 47 9360
17 1057 8511 9032 9407 3704 1878 8555 5077 8596 643 3807 6835 6113 234 4377 3564 1208
27 1989 5462 9575 3878 2505 1298 6413 5491 2096 741 3057 9982 8312 9822 1985 6553 7103 3413 2249 6928 7681 6298 7591 3132 2413 8325 4949
20 9586 7806 181 7017 2280 1214 9374 4172 4192 9291 8259 8877 5928 3707 1121 8571 7873 6828 2258 8948
17 3487 577 9009 5495 9336 7288 1319 2943 3160 7444 4498 8407 3587 2543 6351 2527 55
10 6792 4273 5711 9504 9665 4563 5769 5598 2036 7284
22 7787 694 2266 5423 8299 4386 6191 523 9121 7155 6490 5838 2479 8036 3423 2891 1662 7200 7789 2654 5665 5953
21 8016 1009 8918 7208 7453 4781 4084 4801 6572 2348 4860 3678 6233 8109 5266 2778 2451 7687 3329 4560 3457
27 9455 3379 4485 8932 5901 9654 1636 8055 3201 2644 8652 8138 3827 6705 2392 2336 6433 5193 2655 337 8359 7153 2745 4195 951 9736 5571
22 7105 3362 2957 8416 6643 5133 7129 236 8497 7435 7519 4595 1254 5876 959 4832 3448 6209 9722 4591 8982 8612
21 7345 5892 9775 4221 6427 4050 1563 4173 1870 3912 8146 7524 5063 6886 7763 6224 41 6095 2104 8700 2444
32 6729 3191 5837 2292 2910 9240 6639 8553 6922 610 4186 2780 7700 7924 6584 8979 4093 2909 8435 7874 7863 1033 9738 363 3748 6049 8851 7606 7706 6867 9659 7699
28 1823 4170 1927 7451 1418 7532 8903 8040 4094 6987 2791 9273 8391 8013 3667 9812 6964 9533 8549 1133 3612 4700 7472 7172 7555 5924 5506 8201
24 2289 8001 4076 6629 1845 8334 7525 5795 6702 4285 6999 8816 1129 4727 2090 3443 2998 2016 6787 4524 6344 231 8119 7707
16 6495 5580 4654 7497 4043 7608 8832 3680 5282 7581 7785 9141 346 598 9098 1942
32 7394 4628 9666 2080 8126 9720 582 2057 7257 8387 9643 7169 9161 3024 9975 2699 9427 9259 7149 5521 2781 9823 6858 3398 8831 1442 82 6693 46 3340 548 5325
22 8525 2439 1187 88 7864 272 2553 3440 2709 1030 2117 931 9290 2030 7390 4951 3037 7861 7835 6330 8547 1344
27 8156 2472 8882 4891 6642 7370 8238 9018 4270 7567 2460 9691 3598 9465 8370 8897 1653 5793 1606 1294 6258 1504 8747 2786 7018 8104 8304
32 5626 8699 8061 8200 6195 9031 7701 2800 6501 8632 4019 5175 9734 3821 1301 322 5743 4018 3946 5790 3475 3098 3266 361 1758 3226 572 3156 3354 6636 8348 6408
21 4306 5845 3861 5170 9106 1225 5363 6447 6866 4155 9217 9347 6037 7096 6076 6140 9718 1326 9387 6314 8240
32 5664 5394 5520 4823 5033 7527 493 9133 3867 280 434 104 283 5249 1223 284 302 5467 5554 3643 97 6899 809 700 7820 3961 8630 2038 4547 2740 8953 8059
18 9979 7020 962 6135 9188 616 7579 511 9797 4513 1732 1821 9056 6778 6558 3573 8665 5091
27 4572 6340 3728 6949 2766 3128 8717 1797 3664 9825 525 3658 202 3969 9324 7214 4347 3873 3089 8060 4997 7690 8711 4264 528 4258 6141
13 1433 7716 423 1558 4506 7187 2729 8532 4423 9739 1171 5969 4950
18 3310 9154 1067 6061 3309 8593 1500 4740 5300 373 5859 6948 9445 5524 327 5278 3558 8220
15 6491 8284 2304 4757 7320 6312 1712 3927 4736 7776 6136 8838 6860 1676 773
22 1934 2545 911 8576 9600 3944 925 229 2607 3675 3299 3048 3288 3422 7338 5698 6319 8668 2404 5264 8113 6812
19 4872 4380 329 2310 3289 8430 9795 5051 7952 7645 4350 6623 3451 8879 4420 2711 6419 587 7464
28 8458 2698 442 383 1743 7397 5998 1537 5879 3565 7920 8091 5726 4927 8261 4511 1528 8149 9074 3174 1681 7415 8504 3800 6744 3676 786 456
31 8784 4789 9965 5186 6825 5967 73 6656 2610 2804 5826 8866 9350 2179 7073 3218 5399 3974 6821 8288 5614 9599 7413 3367 3010 733 221 6870 6475 8614 3155
17 9144 5159 99 5978 2351 431 1759 1043 2647 6573 9543 1159 4137 6945 4451 6454 6545
33 2646 9068 7565 2393 8506 163 5756 5291 7713 2884 7935 2426 2163 2277 8708 5746 9506 2942 2622 5706 1425 6083 95 8331 140 2701 1026 4060 267 6590 6231 3064 2612
28 7228 4583 4066 5608 596 5275 1678 6496 759 2703 4099 9309 7987 1161 6856 3104 919 5650 6350 7463 6803 3983 1565 3303 2664 4745 4542 9245
21 6 6165 3152 6457 5853 5636 8961 7266 3482 2322 2821 9829 6723 6707 6184 1956 7795 3324 1706 5246 8659
14 4127 4584 421 8390 3115 2613 7797 3306 399 9555 3332 8011 5171 4471
18 7487 1811 6892 1255 5907 8473 592 4166 5856 7243 7546 7034 1261 4646 8144 5549 6139 6098
22 1041 2802 6743 4723 8998 3476 8894 8459 1481 8974 392 3373 529 5200 2657 1838 7679 3225 3277 6687 2617 7037
27 3337 6439 5214 1488 749 7592 2148 7775 6799 9016 2816 2899 5820 8609 8296 830 1102 4897 3466 2446 7988 1229 1720 8439 6287 8274 3901
31 1270 9679 5327 683 4769 1622 6634 9675 2564 9052 5065 8519 9179 8551 9381 175 2168 5415 338 106 5207 4714 4672 2276 9563 466 6059 354 8302 516 4764
28 4944 2115 6664 5108 8955 1273 2012 8024 6672 1313 1364 6568 8462 6267 4543 1053 6659 527 3710 1518 8457 2589 9672 8090 620 6115 1378 1359
23 8785 3965 3350 242 5262 531 3049 617 2286 159 342 8531 6685 9517 5938 5500 9446 4680 2615 3498 7360 4469 1361
21 1367 3081 6031 3130 7602 1815 1453 7853 7258 8572 7618 4907 3755 5261 9430 4917 7192 9042 2492 6320 9712
18 4249 3150 1625 8145 9187 4766 9615 1419 2573 4806 9790 1790 1703 6795 9617 6864 4002 35
28 6470 9905 697 3590 8869 9606 7324 7849 3073 691 4259 3192 6626 3589 8136 4080 6732 5809 7832 4826 5811 3551 3372 7715 4079 7090 6846 212
31 1459 3775 1295 6635 2676 3402 3467 2750 5205 7662 1219 9062 8617 6556 8280 8085 7550 8871 551 270 7118 3459 8064 5232 7385 6286 6769 3681 5767 800 1075
32 5044 754 7080 4224 7333 9425 8075 9201 415 3384 7179 2386 6508 7039 9988 1111 2614 731 1403 7363 9704 9341 1910 3665 7697 5673 4505 5403 6876 7369 4169 6607
16 5694 8417 1850 549 5543 9513 7197 1966 2390 8890 5602 5731 736 7341 8483 2109
28 7653 8573 5708 2495 6927 3816 6879 944 4376 2867 912 4213 5921 9546 6469 4962 3569 8770 7323 9623 9639 9142 1357 9741 8633 4590 2184 356
27 3980 744 6250 1591 4983 3909 2309 2474 4107 5487 5946 6357 2956 8012 607 8236 3756 8444 1267 1930 450 9562 1137 8254 5432 5875 2476
23 7431 8243 5402 9479 6261 7425 8212 1646 4327 5869 9762 7993 1648 7383 3349 5972 4666 4150 5023 6918 9673 4482 2431
30 7438 4985 7448 8741 8654 1384 1256 5751 7888 877 185 4710 3087 9777 348 6752 2563 5178 5522 3772 8731 3342 3554 9165 2333 6412 3079 4913 3242 5904
27 8272 5802 1933 6122 7121 9414 9725 6970 4722 7499 7540 9072 897 2045 7709 1757 1675 7506 9646 467 2257 1925 1996 8476 6628 8105 5850
33 2517 8645 3399 2433 6149 751 3599 8714 5755 665 2963 3758 5116 9079 454 6451 6017 6146 1152 953 922 3019 1164 5113 6512 4598 6178 6842 6176 5075 7801 1218 3221
24 7741 8622 8634 3650 4892 2181 3913 1873 2737 9213 6189 604 3395 7191 2285 3726 9420 147 3140 7960 2773 1992 1157 3633
21 2721 9596 2853 4611 4994 16 6090 4042 4719 9694 9148 7446 7142 9065 3780 5315 126 9117 6474 6818 684
32 9814 8316 7289 4246 6613 9957 8987 9176 2770 3374 6400 7939 4515 5527 638 2707 9204 8062 8315 7903 9297 7296 5299 6893 1363 6235 2575 9854 3046 5190 6305 3492
28 7285 8078 5612 6225 7029 3834 1205 9468 3030 2903 570 6982 8008 7183 6551 1090 4882 5427 3471 5312 4851 896 6887 6554 297 5094 1477 7808
28 1975 9974 1224 7316 7379 1001 708 8940 4569 5308 865 1909 9971 3830 3069 5681 2566 6318 5701 1391 8494 9878 4165 4436 3162 7271 1919 6152
26 9648 7006 8661 7255 4821 4256 44 1659 5857 522 7828 3447 5591 5241 334 9564 2536 9554 557 2161 2949 5287 5046 1362 3360 5693
19 964 2999 8997 3147 1673 7122 9436 2869 9850 9300 2164 4346 1078 8534 8002 2055 153 7635 115
7 8655 1179 9958 4695 7859 2718 7632
22 825 9986 3581 2213 3925 9723 370 4577 292 1976 645 7465 2131 9789 3267 1619 2174 4466 5817 7624 8456 9903
31 3359 9318 2000 410 9653 6393 8499 9363 1895 1684 8697 8276 2052 295 6979 3799 8710 3527 9340 1335 1047 5192 2324 6329 6071 5940 9192 4715 9846 8958 2756
22 6902 2877 7622 4218 2241 2430 5235 4893 9778 4120 5166 1738 3078 1451 1812 1640 5258 7307 6240 7530 2772 7816
24 7711 397 257 7516 8489 6960 2595 9537 4667 8794 4374 4397 1971 1149 1862 6009 6666 5038 3355 6827 2153 5347 5742 5551
27 54 9301 154 8647 8163 8835 3063 2199 4203 8653 7673 11 1819 5655 9236 3951 5504 5729 3506 3141 3410 9261 1284 6838 1195 615 5155
22 9880 6014 7218 4768 5888 9424 1438 6595 294 5453 1246 7891 3640 8311 7640 3109 7758 8512 1189 9614 8215 9397
22 8251 2421 9681 7949 8225 6695 1938 2747 3106 9384 2061 2319 7866 4393 8152 3375 5992 7083 2751 8518 6333 4174
25 9220 7553 4414 2897 2103 2861 9969 5866 2129 2169 2488 94 7738 2697 687 8429 2592 5196 412 3290 8355 2895 7905 6175 5651
20 3801 6036 1197 4749 3646 2649 7342 880 9463 5330 7452 1097 1998 1025 9802 2026 384 826 1163 8716
29 6621 2160 5153 1655 7825 1040 308 9130 6127 7537 7178 6052 3414 9059 6532 3356 8092 4176 1569 4370 1608 2982 6739 6831 5806 8434 224 8158 3751
13 6467 5542 7278 9172 3510 9149 5122 5472 3628 7727 8642 985 4411
33 5490 3966 2577 2670 7207 8128 9773 7401 9426 266 2627 4167 8627 3009 1730 7241 9331 821 848 5387 8803 5293 2095 2326 9322 4367 4534 5015 6405 9376 9629 9714 2314
24 164 1776 0 4468 1029 2967 4919 6754 6406 567 2920 8920 1965 5792 8281 2395 1181 8804 5042 3695 642 9763 7541 6188
26 1216 2364 3889 6524 4744 8371 8480 6024 2874 930 76 9514 9278 5922 2466 6263 5383 6484 5390 7126 8362 6937 8569 2981 7371 4012
20 4810 5991 2230 6380 166 1068 2039 4413 4540 4495 5916 1704 9709 6299 1274 5529 5816 7884 4747 216
26 4054 960 5064 8586 6694 1714 6916 1511 1804 5766 6171 4021 1952 365 3273 7036 5292 8775 5963 3165 4487 5803 9634 4644 2248 601
16 6131 519 6288 9408 3203 9256 123 4361 2328 7490 5603 6543 8287 3984 2 4838
18 6365 3642 9757 6789 8030 2428 716 6653 4235 7684 8039 8471 7989 4857 9582 9872 287 7762
23 7563 1631 8733 8478 5455 6167 4381 612 2526 7630 6877 9938 4909 8307 4266 2256 1526 2287 7936 3364 833 9162 9981
31 3213 1917 9410 6481 6429 2576 2001 4109 4491 8210 1045 1583 7612 6882 8209 6662 5194 7087 1604 9863 1382 1310 7898 5419 6990 1056 7204 7189 3138 8187 784
12 7133 1923 2231 1715 5146 9793 8818 1803 7486 5985 6612 3805
19 7536 9526 3095 1753 9277 7872 6203 7929 9637 3690 7099 5333 2093 1904 3027 5201 6039 7663 2710
19 8683 4388 7151 7969 657 1141 6025 4311 9759 2152 8520 2894 220 7609 3727 4912 2669 5567 2177
29 8718 4049 4549 9711 6709 5369 5199 2803 4037 5035 3051 2601 2317 8541 2260 4295 8265 3786 6618 630 2868 3255 6681 1515 4874 6315 7626 4333 1795
30 2018 8365 8029 4784 629 5456 3461 3011 9112 4952 785 6003 8826 8351 9893 4437 1856 445 5152 7462 4025 4571 496 6929 8044 4365 8009 2809 7044 1642
24 9158 7850 4028 4115 1502 7095 5059 4697 640 4694 2724 5778 1471 7870 9577 9926 2755 9108 8195 1266 8263 7226 7212 1780
28 9780 1698 9862 6440 2068 8540 2991 3284 491 8199 3660 5516 5906 1404 8801 7799 4119 2425 850 4410 6292 1813 550 1926 7928 3296 2892 1074
22 9657 7094 4928 9308 3368 2588 9713 6997 8245 5224 3086 4005 8524 1165 6260 2100 828 6751 5336 8415 2537 6631
20 7267 968 1172 9402 7815 3971 3431 4813 1184 8071 353 8131 8641 8398 8495 2294 5768 1024 6725 9548
32 1215 4247 2374 9676 7461 8912 9817 8 7577 7238 3937 237 802 544 63 4007 9182 2797 7726 4947 2855 6206 8112 1888 5006 2811 5965 382 197 8713 5624 8297
26 2316 9437 9313 315 5635 2831 5271 9807 5808 8446 1531 5407 882 5256 2443 8474 5886 2829 3577 7895 7478 611 3993 7500 8127 9140
17 3721 3066 2346 3566 5215 8922 9107 1238 5709 4846 5622 1893 2187 9987 5320 5457 1626
35 6055 1342 6578 4399 7639 2550 5874 5283 6513 8182 3394 2358 3133 4128 9595 9866 3479 7710 763 9871 6788 9870 6540 710 3766 4300 1857 8942 1012 414 8795 4762 7914 9253 9197
23 6281 7957 3746 873 1191 1633 9085 6781 8726 1086 3798 6865 3671 9931 4514 8873 7611 7402 9622 3210 618 8554 7234
34 4673 9844 7056 3881 1789 5947 8232 965 939 8884 3245 2073 9452 9409 2912 7734 7403 1552 4915 7729 6081 6728 1584 1830 7539 1605 9810 6901 3285 135 5040 8764 5861 3235
35 6353 8842 4058 2140 3146 6717 4443 7157 3872 855 4709 5309 2865 6444 678 6045 1931 9769 5182 9945 3846 2971 1006 6640 1340 2243 4555 2661 8421 9584 6029 814 1987 9765 578
24 7460 8081 29 4748 3517 6201 893 125 887 2302 5073 5408 7869 8310 3693 4671 9745 9114 3637 8207 2503 6464 7725 4239
29 539 6559 2086 138 2156 4643 3247 3593 6649 2048 9460 6790 5400 5668 5600 304 6844 7148 3985 2361 3636 2353 9243 9227 487 8833 5296 5754 4335
28 355 4536 7972 2237 5183 7629 626 2250 9591 5412 3954 4111 7220 6903 3514 5675 4219 1042 9035 1467 1248 6546 4242 1894 3389 7736 2862 323
26 3795 4689 8072 4396 1318 5935 5450 6211 172 6346 4348 1217 4936 6617 3716 3720 8198 7927 3743 973 5836 3916 791 9043 8719 7202
25 7146 3750 1650 1299 4916 6386 6796 243 6577 2054 330 9241 4827 4678 61 942 6967 9339 3700 418 482 3865 6032 6487 9159
29 8395 6863 7638 1334 5221 6760 9566 4255 105 4055 2685 7475 5586 6939 8097 2040 9547 5652 8743 9690 870 3926 86 5823 774 7831 5589 7079 9269
17 5908 8862 6954 2101 9605 8230 8597 8579 6603 7093 4296 247 3638 5318 5844 8469 5988
17 3515 4520 6714 5540 1028 2890 263 2765 256 9698 6465 122 4786 9128 8578 1851 668
30 3694 3054 9055 4114 5934 1242 6826 3101 6093 7300 1491 9815 9412 3480 3950 2327 471 5525 8975 1929 2817 1447 5103 7420 8715 344 6630 7834 2410 5083
31 204 3257 3922 7352 5771 5476 5280 6961 26 8558 4767 4620 9101 1512 9783 6375 6940 8529 1717 963 7543 3127 9034 5322 8176 4088 3214 6873 5772 564 6516
32 396 6245 7821 1126 8707 7932 3634 8375 8924 3533 9438 8651 420 3629 2391 7406 8649 5683 6266 1413 7737 336 6205 2362 3425 5009 3538 916 866 8290 8018 9915
21 4074 967 14 5212 9792 9531 597 5533 9196 4787 321 7277 5422 7792 6373 3018 2120 2528 2077 9896 9804
28 9919 7443 3847 9726 1579 6011 8073 8058 9271 4825 1402 1630 2171 2246 406 2405 9941 7474 9857 9732 5413 726 3143 1510 4357 6615 2908 1530
12 446 1448 1465 7665 2334 7134 9483 9891 3243 6652 7613 8656
19 7833 7027 5897 2570 5319 268 6912 7880 5498 8706 2427 7794 3280 1479 936 207 8752 6984 4152
26 8087 7625 5269 5696 2902 1918 2447 1521 6550 9284 8911 9362 7769 2459 9727 2240 2845 5915 8056 4106 8221 541 430 2574 532 9295
30 4624 8143 5581 4454 5804 4085 9328 1876 7351 6998 3921 8516 1970 2525 9496 2805 1872 453 9371 3813 8628 6804 2976 72 2238 7010 1365 6483 8115 7268
30 4189 1392 647 5106 4458 743 6802 1232 1995 1055 8575 9491 9883 6748 4636 6311 7019 8460 6168 24 4940 8662 5483 4684 956 4110 5032 8561 7396 3396
30 9742 1323 3557 6034 7447 6172 8203 7944 3838 606 4613 5050 168 1719 2533 957 3977 8789 3706 8688 2936 6158 4465 6889 8134 8422 9529 2547 2752 8448
23 2193 4708 6660 2925 2442 5425 3094 1489 4488 9550 1654 2955 2281 6073 9813 7236 5496 4245 9655 6473 1533 5870 8204
20 9540 6259 9413 4138 1939 4017 6667 4040 1138 9040 8528 160 2019 7158 6565 2146 2859 3343 8323 48
21 5758 2930 2470 9538 3713 970 2688 3333 2042 6342 8559 9771 3862 4690 1749 2620 8972 3322 4989 7860 9574
32 5794 2406 2141 6811 1935 2822 5494 3920 5485 7287 8690 6170 9352 3212 152 6926 3239 3679 9411 7274 1547 1497 4293 6738 9239 4642 7702 9707 2265 730 4617 5479
15 8150 3114 5917 8234 1271 6485 7309 9950 2520 6880 6226 4796 767 3013 8782
14 8248 9333 9989 6313 7774 4464 8306 9168 4422 6065 6078 8916 2172 3608
34 461 7746 4291 7248 5048 2453 5544 9263 1993 7265 2320 10 2921 554 4809 4185 8086 9003 377 7980 7544 7313 8915 5391 4400 8229 4434 3254 9755 7953 1435 9041 6385 1174
19 5136 3989 1328 7852 6801 7078 7025 818 4973 9636 18 6022 3791 184 904 199 6971 9361 2291
28 7817 289 3519 5070 5517 6028 2365 3851 5112 4129 903 4890 3445 3854 7466 2880 3434 5535 5814 3820 7521 8074 8927 4523 5489 477 3973 6384
17 6207 8180 6053 608 1832 6199 3250 9580 1478 1922 1954 4782 9861 2307 811 1260 9867
27 2269 3897 4525 3278 8019 5515 6248 753 5660 8505 6841 9137 235 7135 9845 1264 4830 3930 851 6733 1454 9879 3542 1466 7695 3832 2004
22 6530 6070 3732 9304 1080 2823 1557 1973 819 6575 1226 6106 3582 2665 7604 3796 9367 2223 765 3547 5880 7846
12 3868 6978 6010 8686 9399 6239 4887 7672 6064 1835 6983 8687
16 3733 8946 9597 3136 3197 8813 8824 7114 5846 6766 5962 2397 9499 9962 580 1473
17 5898 347 5835 441 5570 2191 6782 796 7442 9475 7740 3544 5999 3760 4252 5930 218
27 4298 8799 7457 958 5362 1639 2530 8283 9688 310 5689 8178 1507 1527 1600 7117 8724 2186 2716 9266 1543 969 5974 8445 4655 8224 6665
28 81 6398 4834 7143 8823 1252 8779 7334 7361 9249 2754 4402 4508 9292 8084 829 589 714 5609 8695 9326 1354 7350 3804 5788 4858 5301 1390
30 2400 2629 6691 7922 3890 156 8669 4918 5418 6956 599 5798 4227 2641 5497 7177 8988 3383 7782 1911 5380 561 4036 509 9476 3591 2084 2717 6137 5943
24 6692 9252 3015 5451 9456 6976 480 3855 7896 4631 6528 1599 2988 9332 2639 9024 2556 4383 9589 7386 1143 7230 2965 4069
24 738 7176 1114 1373 9181 6890 8440 1170 3002 273 5177 6966 7685 1979 3007 7781 1153 7994 3819 3778 403 7239 9978 4113
21 1209 4802 8812 2330 7012 4937 7052 459 7648 1329 2659 4206 2299 7551 7948 4896 6198 1147 5637 7042 9585
21 8672 5104 1282 2904 7408 5776 6525 717 145 8324 1727 9048 4276 312 3535 215 1783 7251 6018 1204 3810