37 466 2253 4387 3064 3750 8575 9937 2835 9579 6203 7728 6349 2186 8966 7377 2750 5532 7241 2991 4315 597 677 2139 1139 7464 1389 5766 1181 5272 663 887 906 1884 3207 823 6475 9837
29 4032 5598 5640 4180 8464 6916 923 1414 2431 5784 4268 7305 4864 6193 2124 8387 5584 6679 8276 6707 8348 5589 81 6389 7658 7819 695 948 5478
18 9307 6056 9483 4627 2894 2570 8066 49 6670 3264 3444 7335 9516 2816 6851 3398 7549 2417
22 516 5044 5803 2759 2133 2733 304 5270 1940 385 9450 691 2591 223 2422 2230 3497 8999 8245 4441 9922 2527
30 5956 4801 3157 527 8660 5853 864 5865 5656 23 4327 5189 6322 5537 9768 5463 1983 2240 9939 1363 5668 3202 3762 3346 1496 3373 1350 1406 9282 4612
20 2634 2956 3078 2571 8762 9374 2539 1168 8965 9079 9625 679 648 6728 6058 7581 7153 4992 102 4509
27 2953 4701 6624 4271 6411 8874 707 405 3641 4647 6908 8617 7063 7344 480 2970 2911 3043 9872 542 878 8954 355 1693 1329 5997 8256
18 3171 9604 2624 5486 132 3146 5961 468 3166 2853 6257 3011 9883 9564 956 7546 5019 627
24 3578 8596 2550 9734 5799 985 7480 5075 9665 7586 9756 3862 7308 7852 6240 4372 7162 1310 3384 3425 5742 3951 1808 5558
24 987 8794 5064 4467 5986 4712 1265 9619 6715 9429 8907 1193 9327 2959 9503 4599 7262 5359 9172 4435 6118 555 712 4498
30 6215 6147 4462 8938 9885 341 3575 8233 2297 6647 5552 8278 9899 5105 445 5826 5338 4148 8555 1921 1237 6883 1093 22 6930 4344 6607 34 9679 8848
32 9389 6582 3302 5896 7099 7739 5203 930 7854 154 4411 7698 9501 5890 7357 635 4671 8062 7407 3706 9221 5033 2611 935 4532 3383 1893 700 5917 3386 6885 245
31 6071 4726 3942 7705 3366 8104 1157 4808 4447 1790 2044 6266 9291 1737 1440 5809 5597 8919 2444 7668 1094 5962 8375 9594 1211 8157 4195 1070 4575 3265 4480
27 7780 1102 5893 3131 145 236 8522 7065 4031 3434 1275 3910 3618 4690 4124 1319 7076 1962 1244 7984 5878 5318 3504 8331 8521 4429 4248
37 1126 1831 1620 5328 8829 2563 2760 9940 7621 4126 8370 3684 4204 8880 8371 4528 1910 9270 3400 9538 5162 2126 6760 1202 5373 6621 7978 6824 8091 9411 950 8659 8504 9638 6897 827 502
30 4243 629 1783 5577 2211 7711 6076 8139 67 6722 9218 4897 934 6632 2950 7032 9015 2429 9911 3430 218 2241 7880 6742 2745 2842 9222 4879 3591 7478
24 1724 2076 7735 3621 2333 7700 6600 883 6762 8114 4090 48 2494 9644 4487 1552 6480 4936 4345 5996 5436 3288 892 7559
34 8489 8346 8289 1729 3363 8494 5254 8262 4609 595 5292 3038 2278 1054 815 364 9117 6426 5785 5738 1449 5323 940 6314 8362 6130 2061 8207 6138 1732 7302 1726 1185 6953
32 5964 4398 5060 4365 372 7680 9366 7702 4061 9978 9421 792 8477 8391 3573 8191 5371 2873 1290 9115 8773 5786 4069 3117 6543 6701 390 4044 9448 914 452 7000
21 283 8601 8637 3362 9084 5035 1806 8706 2284 977 9337 2773 4073 2033 4655 6821 5470 5316 4544 4313 3787
21 224 8993 2073 5055 6423 2977 2595 5678 3946 3630 7742 7337 6000 8611 7977 1065 32 8446 2705 2578 2565
27 5629 7757 5356 3542 2800 4423 4536 7351 7318 8572 7384 6627 8666 7452 7592 6808 5042 4657 6565 4506 44 9880 5796 5295 3503 3516 7486
23 8982 1027 3421 8175 7941 1963 63 3606 7756 6136 1016 2425 432 3024 524 5267 5148 5354 70 7301 8884 7727 6676
30 167 650 1437 9000 1767 121 2304 3723 5425 6864 6222 4696 6547 6755 6952 4149 2907 3702 8421 5082 1854 1992 5302 2506 6062 430 1968 3164 7723 195
25 6284 130 2516 2378 1850 9088 2467 5649 6288 3727 2045 2739 5751 5109 1528 9855 7623 4308 6759 7822 5278 9645 539 2867 903
30 9177 920 5974 3335 7433 5458 5012 1082 9916 7599 6294 6490 6001 4646 1699 8633 5014 779 6223 5528 8675 6458 2001 9474 8024 8438 9252 7691 6907 3469
34 1366 3141 334 2711 7874 2173 3665 4997 4326 1810 1792 4930 7777 5321 8730 7667 4329 4651 4991 4631 5995 233 8189 8041 3491 2182 7383 1042 7098 1534 3669 2553 3550 1838
20 6595 5874 9784 7085 8050 1760 2531 3344 9254 9238 2487 6738 5944 4184 4551 7809 6164 5585 3795 4632
30 1073 4823 3009 854 3149 8536 5401 1277 6105 8904 5306 8893 9163 2608 3402 5448 9824 8483 8085 1565 1554 6063 7046 3710 5403 3792 6462 8693 6827 1072
22 2135 6689 1773 2119 3674 9977 9822 4581 7921 9229 8836 7664 1314 6950 6244 4685 1713 7717 7257 7707 8535 9419
35 7163 7403 7799 8350 8450 6615 122 9994 1179 7898 7910 8970 1953 6687 6269 7865 5366 9740 5405 2224 1114 7378 3793 5904 7638 4005 4873 3113 2815 1036 487 4981 3916 9239 4621
34 281 3268 8095 4513 863 8005 2398 5241 1332 3485 4500 1701 8358 7127 2811 2141 9654 8552 7231 1820 3566 7310 7659 125 1458 1553 1017 8777 8296 1980 8590 7765 5541 17
20 7694 5178 5374 492 4585 3435 7894 4666 6413 713 641 1473 4983 9680 3718 1448 5122 942 1617 5936
36 813 4882 8781 8558 1686 7235 7642 1435 3564 5596 6531 7029 4928 5698 5266 7061 3663 2249 653 7571 791 2344 836 8125 8856 746 8892 4847 7579 7252 6895 6470 626 7503 6749 4474
34 6224 2837 6504 6729 5942 92 1937 2327 8488 8472 4209 442 2286 2932 901 4290 5482 2626 7652 3101 9493 2424 3507 4233 9491 1846 2439 2441 7423 6179 3739 4110 9707 3445
29 1215 2310 1618 2524 4805 4208 3225 2874 6040 4918 9895 5083 6636 1327 7172 2976 2393 8176 5581 2849 6112 601 3526 8480 3472 3065 654 1938 5720
25 9025 9458 6996 4568 2445 3052 4574 6337 7336 9961 2375 9124 3704 8076 2013 68 2121 9487 8506 6982 6583 6949 1312 996 6168
33 3358 58 1710 3899 8173 9970 640 3657 4021 1375 4328 8757 7148 2043 6891 8234 4319 9422 2555 9591 5450 881 5071 8632 8564 845 4361 2237 6309 7448 5862 9324 1279
30 7190 3036 8603 4785 588 4639 2923 51 5953 6196 3431 1531 939 1832 6318 3033 2649 6819 5635 8159 8750 6503 5184 6133 5202 5265 7246 2469 393 4656
30 9488 3939 5830 8625 4995 5512 9358 6308 3826 5124 8382 8621 7693 3198 7291 6404 1246 1544 1550 1640 6358 4202 5431 3372 6500 9085 4232 1677 4010 1398
20 6055 778 8164 2638 9676 209 8944 5418 1543 1856 7861 1063 6025 5911 2919 5145 1421 873 9050 7552
39 2742 2651 5781 7665 4944 1379 6521 5461 3058 210 3407 4436 7271 9477 1610 844 5813 3943 8069 5776 3584 6681 2146 8839 3667 234 8646 1547 7075 9284 3290 8012 4571 8304 3680 1128 9302 4591 3023
31 105 3626 8615 9082 1412 8752 1165 7951 9207 3396 9876 969 8505 9702 8969 1741 2339 2969 7961 7460 8994 5679 8390 7005 131 2314 3326 4062 18 689 8129
38 6771 1609 7440 6261 2168 7169 1418 1131 5137 5446 5693 8267 9868 5544 2971 1434 5207 3221 1026 9442 6915 3666 84 8833 6422 9613 9771 5024 518 3256 286 4432 6871 529 5341 7267 1401 5314
27 2893 5599 879 8058 7067 9349 9729 6351 724 4072 6596 961 2483 1098 2647 60 4317 9296 9390 9662 7923 1563 2062 2579 5884 6614 7597
22 6190 8643 1793 1238 8738 8349 72 703 5755 3967 3546 12 8424 9576 6173 8713 2370 1561 4678 1015 7601 3821
22 39 2667 8771 9364 3474 4463 4923 8962 1902 5920 2169 2731 7058 4246 3095 3257 3949 2752 4563 5147 4341 6460
28 921 7037 3475 6972 8398 8485 5771 4063 5770 5706 3549 8888 6809 8707 7111 9776 9851 3019 4703 1194 4131 4485 5325 1747 3289 8952 6454 295
35 5028 5606 2160 5675 9635 3424 8327 4238 7090 5249 2968 7255 3418 1225 5959 8518 8864 6362 6757 4645 3285 6964 1954 4494 7158 6468 537 2277 4464 4367 4754 5058 9007 451 4275
31 8680 2226 2004 254 8341 9972 2239 7437 7916 15 6807 5797 2262 4830 6625 9694 3921 6435 8440 4439 8347 6081 8108 6155 5194 7212 3612 6201 1260 8462 787
32 9658 5242 3315 460 8252 76 3274 2140 9814 8600 3002 398 4449 1075 6730 5301 8651 810 2682 5157 4869 5451 4292 1947 4454 885 9692 62 9846 4408 7532 6039
28 567 8192 2616 6881 5837 5305 1794 4461 4081 5247 3416 5192 846 8570 2639 2926 6630 3878 8883 7040 2213 2804 6669 3360 5037 7354 9605 2845
38 4064 5198 2038 2085 3230 3243 4393 4168 4276 5187 3785 2442 2584 6145 271 3466 7174 5324 4135 528 913 9923 5286 829 7108 9034 7544 8821 6160 1302 7761 5551 4919 2496 6577 4115 8410 6617
22 6492 1196 5987 4947 9987 960 6511 9171 9847 5334 6110 4843 506 577 5104 5020 3419 1734 4768 8917 3653 3877
36 1743 1971 6563 1852 9363 880 5444 2028 9334 7096 6295 1756 1176 4554 9570 6581 8374 1689 1175 467 5002 3133 5313 8698 2962 6603 6739 6386 2170 6744 6103 9599 7380 4452 4561 9924
28 6002 9621 4175 1264 2466 9590 2228 2032 4887 1587 2325 4295 7394 6945 7474 6717 2316 3449 83 3790 8316 2285 6019 6639 9268 8679 4567 2766
27 6727 9113 5856 2360 6634 7429 7167 9028 3595 4455 3411 9905 4321 203 5095 5420 1104 6241 259 3356 777 562 8286 5449 1030 3895 9873
26 5304 2497 7119 5339 6914 7307 4298 9509 6655 7278 3876 3574 5017 9581 4993 8986 31 990 4459 3843 2792 5977 2107 4931 945 9161
24 6280 9674 7463 3901 1655 6766 5622 1076 4578 6938 219 615 6799 3993 7082 1200 2658 6437 8225 1452 2912 9130 8589 4300
27 9545 3260 1141 4846 7256 3151 9724 5057 7565 1071 221 9203 2906 4158 6159 8015 5531 8638 6045 7958 3295 8946 280 9382 9323 3982 6231
28 1939 9725 3013 1735 6884 2840 5258 9956 6645 9841 3925 7002 9295 5749 144 7288 731 1092 8741 1488 1626 3428 2450 5812 5617 8828 9778 2406
30 7109 238 1752 2689 3300 201 491 4640 1411 1837 7409 1860 762 1931 5810 5561 1665 4368 4059 8780 5115 198 8351 5054 7651 9800 2909 5654 8294 2697
33 8101 5151 6963 4577 4222 6197 4458 7901 5197 3682 260 3210 7103 4998 1182 5556 8072 5833 5711 489 699 1405 5567 8110 8814 3691 7876 2440 5127 5111 1830 4699 2134
33 8976 6489 9133 6854 127 9356 3003 2138 1576 2078 252 6250 7933 9616 9651 6569 6995 7197 129 1984 9795 535 1965 5823 8154 6017 4279 840 2860 9971 8198 4786 4839
26 8983 2003 5471 7551 5593 8705 6661 3530 8537 215 1934 6678 9354 6561 4603 1685 2978 3533 5704 1372 3244 8840 6743 7456 9269 3752
30 9184 1557 4281 1079 1487 4804 1463 1867 8325 5855 7039 5159 2365 2675 7432 2723 2294 1048 101 2964 3214 9186 1779 3759 5978 8469 6994 8863 2106 8614
26 2574 6976 1361 3439 8000 1681 1377 412 2589 9520 9290 5563 9350 2730 3936 1125 3929 6567 5428 4784 4410 3908 1232 8733 1129 2306
26 5173 7313 2544 5085 395 2051 2939 7123 1464 6552 3175 1417 3958 7730 3965 8909 860 8167 7298 698 6971 2557 6720 2504 8075 3191
33 477 1768 8036 9405 6959 4082 4721 7261 7124 922 6609 2734 3896 6383 5505 7943 4496 1728 326 2348 4683 3236 2372 7823 5433 5353 5921 6287 8753 4739 3127 1356 7885
34 853 7963 7047 4176 855 1645 7928 8655 9316 4619 4273 4225 1559 1961 7339 2654 2260 1300 2171 3187 4156 7891 9303 1282 6764 4228 1478 4046 1240 3049 3770 6078 4389 9925
19 4613 5503 8392 1973 5715 2197 3614 4822 6991 8212 5011 5389 7806 7320 5253 9201 400 6613 2184
23 6428 6142 1816 6714 5394 4186 9495 693 6527 5907 2833 9639 2468 8356 383 3716 1540 2915 3617 9379 800 7703 9292
33 3032 2053 9281 4925 9695 8687 8379 3016 8484 310 9612 1512 9152 6544 9275 1868 6622 4883 9464 275 7191 9392 6265 1471 5867 3334 4153 7074 4430 9167 2889 2158 4278
21 4780 4018 4514 2207 6576 5271 6519 3253 8404 841 4900 4080 9646 4751 2653 3774 4942 7643 2692 8353 6074
20 6598 8767 5320 8890 9013 2257 1520 932 7561 4534 7904 1383 2855 7980 463 5398 2410 1801 1873 2895
29 5760 1497 9828 8033 9195 2910 2799 7209 7444 3900 1116 3867 7013 5059 496 5283 7178 7542 1052 3780 5076 4375 2772 9527 4876 2070 9861 4242 4505
31 9696 4783 858 6031 857 3311 3545 371 8681 8605 1815 5898 5557 2094 8838 962 7695 4127 5570 7991 4364 7371 7968 5225 7949 6251 7120 5831 1976 2852 2273
35 6509 5244 9214 3536 7363 8103 730 2748 5106 6852 7447 7176 7259 3462 561 1904 3822 3196 7875 3220 7465 8028 5860 9754 9002 3500 5646 8263 3524 9197 465 7610 1315 6968 9610
27 8273 6296 428 9459 8182 2881 9169 2454 7279 3277 4111 161 6211 1348 8754 5666 7489 3686 1040 6471 9863 3644 459 2403 4955 40 4193
28 9233 8510 1489 8851 9109 5414 1043 379 3031 7385 5003 2994 9472 4635 5709 1295 6978 7555 7035 2552 2007 7077 3471 5847 5326 4943 4277 7881
39 5477 5750 73 5118 1299 8204 3205 9792 9870 526 8202 4413 1341 3521 9191 3055 6235 483 7624 4545 1281 5940 1503 8209 9560 9106 971 2023 5186 2063 9253 7787 4999 2087 4834 2252 2737 1955 7576
27 3237 4852 1479 2329 766 7014 9162 8503 4926 7134 5633 4443 8639 7594 3176 4078 9820 837 6030 7360 7375 2452 1343 7773 7713 1427 3586
21 851 5084 5007 9453 8148 5489 2599 884 7093 2246 2769 8185 1394 6073 1763 4058 3224 4335 6175 2037 1214
33 9766 9345 5759 1000 3489 9585 2713 744 4091 9143 1156 346 6424 9137 3152 9132 8070 1748 5481 2188 926 7036 4507 630 9796 9611 8664 1998 8837 5205 4004 2079 4803
21 347 8583 9782 3410 1979 5779 88 8302 431 3711 3138 4428 633 9047 2144 5214 3461 9931 1912 4269 2564
38 7776 2753 7840 4259 7905 3184 9027 9889 7007 9400 8372 365 6666 9433 6472 7766 1170 6029 5222 6702 3773 225 9376 2789 3724 3083 3722 3100 8119 9513 2590 2687 8281 5615 6551 1111 4057 7322
31 772 3928 4451 6572 6834 240 5509 6086 6845 2404 6255 8420 8475 9142 6510 3898 8545 505 789 6861 4270 9286 3744 9077 5467 8591 4038 5980 2380 7245 818
34 1809 4022 1510 909 5863 4517 4169 6796 7786 7793 8405 5263 1266 6763 1781 6944 8099 8020 9993 848 2407 7502 8751 4390 7526 7293 4299 9507 9500 582 1009 5399 6734 4558
30 5705 4758 5391 6816 1660 5465 4399 6183 297 6481 5573 8682 227 4325 9629 2669 6956 9904 9901 4767 4164 8460 8187 8269 999 7482 9572 6184 6299 3459
35 3508 8458 4749 2137 3318 5815 3864 6153 9786 7767 4039 6665 3079 3182 9039 5765 4857 9156 751 1664 8165 8340 5790 8088 7749 6790 9609 7042 5554 6992 9479 5951 5683 9040 3995
29 4776 6046 3948 9004 3393 422 4602 2914 9053 9546 1004 6191 1248 8585 4996 6579 6487 8528 1397 417 8801 7044 6812 3583 7326 2394 8761 2594 7069
30 5924 91 7164 6313 8508 5916 3809 8001 7446 9912 9395 9640 7712 9710 3082 2722 3110 9033 3968 3286 3872 9090 4844 2041 7627 2577 1765 8149 2510 4383
26 7003 8054 1608 7681 4962 7925 8211 1151 6202 9869 7657 6529 7523 2395 7045 474 4576 9806 6696 7329 3341 8393 9052 1662 7010 8452
21 1357 4851 2231 2267 7807 1898 3924 5676 6214 263 1827 658 9225 1841 2227 8726 336 7481 6966 9946 2817
18 98 5504 6338 9827 274 9779 7170 7193 8668 8898 8199 1996 9154 9141 6837 3495 7699 2972
39 8342 2090 997 3233 1242 7954 4658 571 3654 9652 3486 9750 2575 8606 5475 3838 9420 9732 7399 2677 8985 2573 5315 3325 6100 7929 165 9989 2847 6580 7315 1941 4402 5652 9119 1213 4109 1062 1007
32 2245 4476 9686 5658 8793 804 3902 7196 6188 1003 1167 8214 352 2938 4351 6940 4140 2786 4424 9884 3625 4679 1320 5546 7379 5021 4994 9650 1481 7637 9810 7701
33 9236 862 3303 6690 749 1517 7436 7845 3317 8846 2248 3935 2844 9908 7160 2214 816 396 4963 9175 807 6588 501 1469 5293 6253 9478 3791 3319 2018 1318 7454 8360
17 1285 2362 694 2758 1572 6059 3509 6494 110 9655 7501 4875 6835 3973 7386 6833 3242
25 4029 4885 5392 2060 2272 637 9249 6716 4205 4548 4293 2208 402 8060 1280 9751 4086 5983 6014 419 56 3223 1914 9933 3783
31 5327 8612 8942 1909 1611 1603 6984 6430 1306 7959 3106 118 7431 5183 2458 2486 3740 1990 2714 5624 1812 9484 6355 5578 3494 4382 434 3523 217 8394 1066
24 6263 3379 5692 984 8016 8401 3412 3422 8663 499 1407 9614 7070 4653 2887 2022 5417 2059 7834 3354 3135 3854 6445 4479
23 5298 6751 168 2936 313 1388 1259 6285 6210 1670 7104 4743 9533 3309 4616 2885 2162 9139 6877 1261 591 9393 510
28 6304 1575 7405 7839 2785 6393 9984 6343 9257 6928 1278 5883 4084 1462 2850 2279 2636 2149 3950 5572 360 5946 7410 2770 675 6208 4280 3678
24 7877 3931 7628 3201 8695 6675 6980 228 4920 564 7962 2726 2755 5469 9815 9807 739 5930 6366 8013 5196 9571 3464 4861
21 7966 4675 2603 6522 3841 8650 8337 7791 5971 4700 6673 4589 965 9573 4686 1477 3646 6999 7896 720 1028
24 7850 5772 2204 3889 5023 9748 9980 1333 7829 6986 8006 6618 2223 1789 7803 7238 8854 4841 8190 763 3506 3333 5819 4738
31 5034 2122 5746 8399 9011 7557 5526 1733 5309 2058 2921 2193 7654 8930 8402 7092 2545 6654 8722 7981 1386 978 6520 2342 4698 7311 6876 7421 4499 4034 4674
21 3668 2942 5886 2680 8677 2623 7626 6371 3375 3120 6571 3915 6272 6682 1158 3858 6463 4515 3692 3307 8674
28 7956 420 2916 5677 9089 5876 2189 7254 2625 6958 4051 1069 7917 6772 8427 2776 1465 5794 7355 8481 7629 8385 5160 7188 9322 5657 2883 157
24 7804 5900 6137 3977 4102 3 5838 175 484 8686 5609 546 8043 4605 1187 7012 6823 3610 6027 4025 4916 8373 7842 9251
25 9055 1778 8461 9370 1590 6368 8241 5647 374 9232 8435 3320 1876 5062 494 2268 4122 2637 9466 184 6369 6553 2540 6229 877
25 5827 8792 2359 3442 5985 4199 620 2533 8055 1906 7872 8364 3738 7341 4143 5262 2430 5296 1037 7016 6104 607 3748 8112 6612
21 9715 8250 3652 8778 7678 2451 123 5700 1991 7441 554 4409 3831 6239 2929 3868 1599 4333 6789 9401 4820
31 7945 1513 5697 5402 6357 3408 1604 9224 812 4444 9607 8540 7030 760 9473 5550 4580 8731 7097 4765 8524 8613 5112 3251 5943 164 5767 7115 1338 9499 5762
23 9874 701 1019 8354 4960 6656 7670 8797 6131 9663 919 4518 5483 4107 1844 5260 6169 1271 5362 6406 1671 2966 3782
26 7309 5440 8531 4828 5618 9746 6626 9816 3570 1475 9918 5661 1755 332 11 7841 4511 7387 8151 5261 2671 1903 8429 5849 7543 8258
31 6951 7396 1826 8127 7088 2172 2808 5527 4136 2917 9176 6438 3541 3955 7382 5102 4853 2756 9498 4267 3624 7970 3880 3453 9042 7021 4339 1210 7325 2788 2598
30 8143 4706 2366 7273 172 2908 8968 9381 4523 9058 5447 3097 4283 4250 2331 572 3806 6887 3883 8436 4835 7084 2831 1286 1863 5726 4775 1198 589 3622
25 4600 1975 1813 4811 6898 6870 5680 957 3894 2513 4144 6111 9643 6874 5335 1935 4868 3041 894 7024 3034 613 3887 378 9490
22 1519 61 4735 7198 9326 3953 2103 7028 1110 6212 5322 6486 728 5342 8290 9928 4866 1900 3874 5808 7498 9568
25 3690 7516 2337 8556 2559 2955 5793 5712 9770 4636 9149 4117 7986 4314 3275 1508 3873 8616 308 6560 6901 8087 8261 9248 6348
21 6469 8623 9332 2952 1115 8367 5039 9051 3954 3856 9355 5600 5636 4440 8455 4355 6315 5601 6205 2020 8048
26 2190 9739 3638 9049 7242 9563 869 8335 3518 9691 6575 2478 8736 9833 9196 6886 1296 1208 10 2725 8732 3279 8454 6909 9024 159
20 5280 9231 4862 7911 5982 4762 6931 8959 82 4108 5048 1704 8311 4386 7942 4748 3018 771 3597 2355
25 4845 5625 6756 5605 1535 905 9943 4223 4231 5595 2388 4833 1364 7906 1107 6723 8941 4910 7985 4791 608 9272 3800 5950 976
28 3179 5360 7159 5739 6198 3747 1337 2822 2291 311 5488 828 6608 5099 7541 1021 4954 8083 7759 4146 6234 2216 1445 4237 2192 4312 1400 9525
29 3081 5832 8324 8032 3850 4634 8588 1385 7182 9819 7930 4649 8465 1033 6497 9035 7844 2179 4874 8881 4729 2336 2954 4725 843 3771 6829 3053 1293
18 1988 1289 3374 7738 7679 5821 803 410 4806 6973 7295 3746 6021 8326 592 1607 2115 2650
32 3115 3037 3851 8704 9402 8336 4301 2177 9016 4412 3247 3553 8018 3582 2771 3909 1632 6382 2583 4068 8457 3376 1606 811 4019 678 1221 3737 1866 5800 6457 3797
26 3980 9780 1022 4971 8548 9241 8213 3804 8641 5312 3505 2576 6427 8017 8594 9627 2341 1556 6694 3745 3547 4198 4426 4977 1776 5872
35 4219 5665 6649 3261 3677 3283 2326 6158 6252 5430 2247 4083 406 5006 3520 4958 8889 7496 4733 1675 8654 1800 5117 1444 2797 9741 7616 1855 5455 1797 822 9632 8764 8179 7418
22 6635 7648 2879 7194 6708 1828 9456 7660 8878 6013 8934 8329 6770 2474 4734 7168 3683 3885 7677 6709 4113 4483
20 1566 9439 7908 1006 8037 9567 7751 5103 1865 9445 9637 4957 1095 9510 732 493 6863 8974 3871 6977
19 7368 4282 7593 5778 6648 4855 1897 6401 162 3986 414 2418 4872 927 8800 5161 6327 2143 4133
27 9813 4376 552 4425 852 7135 5724 3808 3635 4310 9036 6084 4677 7154 1833 5613 4307 3122 7731 1150 9234 925 1339 4041 7530 3777 9506
26 9543 6610 2871 3698 547 3540 5789 4224 9017 7049 5156 3730 4033 1533 382 8236 3514 7186 674 4263 9009 2064 6683 9120 8363 3590
17 7774 8815 4338 9235 6292 2456 2973 1086 3465 2560 5139 1653 1899 4904 3134 9622 6312
22 5089 1184 6054 8259 9991 7062 5968 107 9266 1224 3169 4239 543 4860 1099 9150 1915 9929 1342 7671 1578 9775
36 2198 7263 14 9279 7506 9339 8532 7572 7413 9244 5404 3567 3927 612 8343 672 9790 2505 277 9298 4450 1502 721 1605 2459 7234 4809 1201 1936 6209 3054 1365 4989 3688 6726 7439
25 4737 2413 902 5897 3685 4427 7741 3385 6398 444 7086 6307 9767 2699 3992 4870 1051 5967 4217 3996 4226 362 2408 9166 3907
28 5294 8661 2605 8913 9714 581 9938 8690 1109 2105 8059 2493 9441 2084 7072 4595 437 2859 376 7280 1676 7653 1190 25 413 5208 7609 6814
23 8150 3483 2582 8449 2903 8905 50 3392 6844 6449 9070 8128 8997 4684 8007 3917 9717 3477 1166 3775 1035 2315 9158
26 3073 891 5699 9075 839 5135 4921 8308 9728 6584 5535 1730 230 4824 3248 6093 7734 1798 6004 8381 440 7453 1219 8021 9245 2841
32 1628 4340 2148 7785 1438 104 2618 7333 1719 1045 2824 9554 2554 5200 8785 7755 6464 5419 6988 9860 2302 8960 6090 6259 6800 146 6041 7965 5210 9803 7682 1113
29 4980 1788 861 2108 7817 6795 4105 4418 3828 3766 9636 251 273 3810 5984 6278 2568 785 6652 7952 1731 6559 3778 276 9101 6380 1753 2075 5915
23 6830 6316 6637 6668 126 936 5814 9907 4336 8692 9205 6095 1709 6328 4116 3124 424 871 5287 6065 4859 2392 7950
20 4446 7689 2502 9481 2382 2933 4556 482 3861 9584 9948 443 8338 5043 6332 9452 769 970 3836 2988
27 7560 5846 9919 2434 2405 8282 9555 0 8314 6151 8710 2710 9988 2295 8078 1096 8579 6732 7992 6574 9134 418 5281 9999 2335 2433 9044
28 6448 4985 1525 9121 8728 4566 5490 7490 270 2787 5877 3600 7994 2202 7882 5041 8795 3940 1164 5299 3481 2834 1967 3753 9693 1564 504 8121
20 4940 7633 8543 708 2491 7979 5851 9941 4261 3423 9148 8998 6018 7938 5745 9966 8284 3814 5259 5899
38 9026 329 2387 7060 4975 8153 4488 8238 194 5015 6254 7687 5238 5521 4813 9791 7737 7461 446 1663 6365 6364 5628 9217 5136 7684 8082 6227 1068 1172 1313 9351 6491 4590 5582 4593 2031 1103
23 4774 5689 6409 5065 1738 2503 4912 5179 2446 1355 4521 5988 9736 3757 9330 1097 9688 7277 3150 4026 3932 8805 4667
25 5910 9001 1621 4537 9968 7232 4050 3454 4394 6238 4682 4659 7401 1597 9485 8926 3990 1429 2613 8428 5351 1629 2490 5396 682
26 2401 9475 1594 8486 8501 1972 7269 4538 5659 2289 5881 598 8630 5825 7449 9394 7053 7797 5701 119 5603 7247 3293 6797 9135 8975
30 6053 8380 358 7316 8529 7848 6455 1764 3446 6590 3798 2000 1970 1060 4530 1524 8249 9340 4550 6745 7233 74 3490 4903 585 8 7321 258 7644 1948
23 3090 5513 2827 8526 6534 7900 7537 9278 9032 1956 9457 216 5492 3148 7860 6616 8871 4369 6566 3972 5914 5663 6135
37 7393 4085 1771 6180 290 3559 8178 9181 9809 5069 6107 4165 1849 498 5587 8502 1536 6946 3957 3162 6467 3208 9418 3204 5822 9502 1646 2338 9969 2944 4727 5713 2369 2154 9210 5185 2556
24 8978 1256 1231 4688 1146 1301 7704 9064 1703 7781 4373 981 4128 5406 2880 899 2080 9146 5941 3525 5 6767 8956 1573
23 8995 9329 1136 9414 3167 6890 6113 291 1657 9227 7286 3560 8955 7345 1498 5604 3231 5174 2928 4620 8049 9921 3197
24 6186 8891 7591 3813 8383 2562 6641 1226 5792 9727 2790 5491 9410 6785 3340 1696 2390 6888 3849 7253 8423 2592 4531 8366
19 7364 6892 584 9747 427 603 7009 2383 1896 8940 5752 9720 191 7467 2982 3923 8279 3409 3262
27 8825 3347 8332 8991 3832 8945 2621 9985 4689 4048 992 1661 599 6482 5073 3731 9383 5975 808 8760 5068 6535 2092 6378 4909 5188 9669
22 3348 7528 5330 8964 4654 7519 2979 2312 929 1999 2997 9677 9297 2100 6373 9014 35 3324 5452 4974 1188 2663
34 5468 6109 6473 4541 6310 2898 4781 9360 4252 4150 716 8152 2585 1025 7635 2283 5317 6692 9213 6784 7515 5243 6195 3121 4502 7608 9061 1592 1842 5768 3999 7417 3598 6905
32 3193 7189 5388 6957 7499 820 3322 7510 5384 5880 8482 9843 1140 9256 6906 1267 2086 8576 1387 3837 5077 2764 6970 7004 4988 7251 5432 2518 7455 4562 5204 2701
24 5788 604 1292 1155 5934 447 3763 4990 5927 1570 2066 1651 8444 6163 4856 486 1117 8474 6753 3689 328 3132 7505 213
27 3971 8218 2951 4598 1933 8378 4681 2299 6841 3859 7650 2963 617 5722 1836 3368 1922 7145 4525 5748 6165 8170 5590 2151 9566 3959 9561
38 1044 1879 1545 795 3440 8442 1582 6281 8415 1349 5070 166 3947 6983 1321 6918 5300 6124 9799 6912 2416 185 1428 2354 8247 9160 7886 6028 4905 6249 1077 7057 6102 8683 6247 3633 665 5195
30 6387 3994 3613 136 9598 6718 3209 3991 9530 7296 9138 7181 4549 7606 4098 3270 2125 6237 5773 9104 1199 2495 3517 7051 9471 1673 5375 4586 8673 4125
20 1630 937 6091 5257 3532 9617 963 9866 2965 3816 7081 2438 1362 534 4938 5274 8193 3801 2385 647
27 5816 292 8957 1270 7204 2313 7149 8031 438 6724 1725 5523 9091 7964 1298 9398 4132 5824 2546 7388 1895 3458 4349 4752 7743 8662 5695
23 6303 2275 9005 2164 6680 9369 4374 2743 1121 9765 4894 9522 7611 4147 7114 4272 566 3299 7275 9476 9095 4622 4555
23 4694 2960 7719 6981 7775 5355 1757 6006 3892 7420 114 8604 2685 3316 8044 686 1574 9387 817 303 6311 5729 6051
20 5453 6623 9804 4187 6403 1133 5380 1163 6947 7166 7936 897 890 7353 7596 5777 5040 6459 2819 646
19 6060 4316 6106 3048 5385 5782 5674 2181 4769 8080 8396 2515 9881 9723 8676 8359 8817 3199 9179
31 933 570 692 9399 7918 4565 4260 7206 170 9657 3281 9455 776 2805 8188 2358 4484 5098 9343 7525 7982 5367 2763 7125 1504 3455 3789 8180 6016 7223 790
31 6875 4937 2052 90 3754 5731 289 5246 8928 782 8107 26 8619 6298 5594 6077 671 1928 7521 3662 3087 7019 155 7998 8748 2180 1243 943 349 4284 2243
32 8809 4663 9744 4543 5889 2897 6920 3219 7939 9157 3388 4311 4540 9346 4508 2166 3414 4951 1395 3189 6825 7636 178 3659 7715 1137 8516 6226 7947 4213 8310 305
27 4076 8901 1721 3817 2340 7116 6587 9063 8237 140 6120 5688 8796 1105 4101 1283 2673 6948 2607 3818 1785 6919 786 5307 231 850 6466
32 7724 9716 6324 5611 6170 7210 8875 5393 86 9331 2738 7022 6532 6420 2686 370 7673 4535 426 5520 7971 549 8539 4810 3544 6035 9145 5231 4547 1430 3905 2025
25 3181 4572 189 3884 2021 3006 7073 7347 1882 8574 1885 1203 4104 3271 651 697 2472 7870 3076 5063 6818 5662 5805 587 1127
28 5728 6925 7229 5525 575 870 9524 5743 1924 5608 2091 6258 6 4854 2465 6872 6922 9626 4719 2538 1384 1669 3216 1969 3308 8819 9528 6866
26 9964 2665 4913 4445 1039 3071 9378 2461 4477 2462 134 3825 1625 8275 6097 3096 5113 490 5149 5839 8447 9168 3130 3476 4527 8283
22 1624 8557 3903 973 4023 9019 8872 831 4056 3332 8293 5000 5966 7798 5734 5761 1840 8653 3447 112 6484 2783
24 373 4397 9164 7435 5129 8073 3756 9753 7754 8689 2925 2244 1499 2820 8629 3845 9926 5499 1251 3015 5542 6008 6116 4652
28 5696 425 6524 756 1551 38 69 5791 842 5804 253 5454 2311 222 4625 681 8714 9821 2296 7913 9541 1616 3708 5224 7161 8306 2716 8515
21 9404 688 30 9712 8765 7372 1754 6172 4036 6342 8147 924 6390 2993 2937 171 3938 408 7274 3882 9194
38 9434 9797 9975 9416 6893 5358 8635 8451 1392 8223 5142 7442 6057 299 2159 8300 7017 7864 4740 9915 8123 4880 149 4262 2522 3919 3451 4979 9189 3269 1712 9830 2561 4560 8146 9341 4114 3364
37 4899 3513 5922 4746 4510 266 2920 8831 6178 5277 3551 1889 8718 1399 4 4761 2309 3719 9864 544 7511 710 4371 1886 8079 680 3323 5333 5721 4212 4592 6505 3359 8866 5562 6066 951
32 5651 5132 1706 4118 6997 9601 5031 8077 3875 9069 2825 8816 9759 1336 4978 6038 211 2924 946 5413 8242 3345 5120 6941 3306 6171 5903 9129 7041 4771 1770 3047
29 7258 972 3556 1667 9986 1204 573 4302 100 4348 1591 525 4347 9920 5716 9277 1848 6570 1890 2945 3835 2147 1148 9865 4490 1010 6037 4353 947
33 1303 1680 1373 8061 798 314 5829 6474 3144 287 142 7025 8320 578 6450 7282 2744 944 8228 2176 9794 3192 6334 5730 1461 3987 2258 802 4787 1784 1861 3239 2039
21 2363 5415 7243 6148 9823 3025 3280 6867 6768 9957 1758 5939 3834 3217 1717 6157 257 267 4255 4608 1804
38 6233 4759 8569 8368 147 8902 2301 6671 9947 3463 6775 1207 5753 246 1769 6166 4969 8056 7071 6793 6277 206 3492 6822 9020 7915 3761 8746 8631 4417 1923 7996 9958 1249 2317 4790 3329 7598
30 1787 5158 3734 9618 9136 9261 6514 4827 3215 6350 5215 3103 2229 1083 5036 6910 2643 6828 5736 1952 1881 4137 8740 2707 740 9649 1145 5397 6643 47
22 3155 6122 4539 2281 416 5684 9348 9087 1782 9165 7184 8003 7967 4587 2287 4171 5275 7027 5517 1627 4053 3645
24 6517 8808 1369 4611 8369 337 1263 163 4664 5236 7248 9182 4309 2373 9288 8802 9825 475 6052 2957 298 4020 8253 7995
32 6525 8140 7466 2120 5126 3139 3743 5691 5811 1822 6275 737 8743 533 6216 2482 7300 5357 6429 5627 8912 9317 5466 4756 3714 5840 4922 8216 6638 3059 9705 3010
24 8229 80 1691 8026 9403 2810 4414 4391 8425 4797 683 6213 4492 8355 1588 6207 4106 8586 448 8467 1930 7562 1024 9377
34 2581 9875 9250 6586 5141 394 4343 7226 6713 8317 5441 4251 1307 27 666 4778 2619 6341 3417 9842 5616 8162 4934 2918 9519 2657 8971 7953 8609 2250 133 6384 2269 8841
25 9029 8389 758 4704 3008 4794 4071 7790 7303 2537 531 8573 6479 955 1807 3413 775 2142 6331 8735 7897 7989 4103 4121 748
22 4194 6279 9080 9096 5223 5795 2890 7236 954 2721 1892 6407 6317 6096 7753 4889 6748 7492 2251 5641 3649 4001
18 4297 6847 7459 3227 6591 6859 918 5607 1014 3488 1580 8407 9721 7615 3593 7471 7976 8100
38 6754 4074 5511 1317 1698 3581 1981 3104 318 7020 3961 1494 7769 2346 2990 8584 3926 8582 3768 2175 994 5938 3616 4045 7878 1521 714 6353 2423 4884 6344 454 2547 4014 1112 143 6900 3206
29 4788 4959 9183 4546 9151 9772 4891 1195 4218 7983 2525 1598 8925 5180 6585 4303 7137 642 4241 9936 9246 9886 2153 9534 9854 8109 9682 5130 5176
33 9684 876 5575 4457 4831 7416 5435 8899 7871 2234 4917 1287 8287 8834 7946 2187 3296 5660 9549 9188 4360 3001 150 821 8523 1761 87 8565 5510 3105 7973 4244 580
19 1942 2948 4821 2293 7873 3620 2806 2009 6662 1457 8264 4662 1013 9116 6451 2609 1173 1589 7078
25 3353 4075 4836 696 5217 5645 7879 296 3399 9849 9965 3642 6706 2145 5669 9081 478 7494 5873 2008 7228 6798 7613 6530 7801
23 2931 5172 7818 3913 3811 8431 7550 284 8744 6352 4456 5493 6064 3493 5066 7217 8988 3820 6684 7216 3715 5361 3142
36 3963 7105 5131 6880 6440 9359 4691 9992 1835 8849 652 2566 9953 2768 4863 158 9981 3608 6538 8035 3183 1228 6546 3107 8422 1410 4533 5836 4177 2113 7391 7475 6862 7714 5929 52
28 8701 1505 5134 4753 9537 5337 8788 7270 2628 3815 8344 5140 659 3331 6740 5091 8138 8702 4257 3580 19 8853 6619 1744 1926 4948 4789 1223
25 1436 3765 5096 2414 1821 1514 1118 8194 317 2672 6194 4953 54 6703 6385 6374 3381 8914 1138 3855 5010 7580 5870 1623 7055
28 4416 4779 7224 3779 644 7237 3276 4134 2343 1548 3129 2674 3240 709 3538 2488 8525 1253 9711 3736 8232 9078 3732 3380 8861 6154 6589 4716
24 6710 5574 3045 7729 9668 3869 6206 2288 5926 4234 174 5285 9633 2854 6899 5763 7428 7863 8587 6815 558 4939 8132 5775
30 3579 3473 9435 3367 6528 204 24 2615 1353 1346 4961 7376 2397 5067 7239 3005 4618 4722 8184 456 3480 8122 214 495 7272 1614 967 4289 3655 6220
25 3639 1257 514 9504 676 8240 9592 5670 152 2946 3397 9826 3165 5887 6693 7835 9067 2548 6354 515 3853 2196 3394 36 9362
33 4066 4130 1254 3764 7350 7752 7853 8493 5056 1851 7709 5638 41 6495 8858 9850 7619 5079 6003 6036 5395 9273 8873 196 4395 401 2027 4247 6779 3562 2256 3443 3819
26 120 7825 2866 6185 2629 6557 2754 4015 5909 1839 8610 1162 8992 536 7538 4285 5547 8566 3866 9427 8987 1149 3349 9913 2681 5882
27 2347 2632 7808 2183 7470 4597 8595 8561 8395 9198 4520 7144 4641 4849 6333 8803 6323 7462 7718 497 2941 5125 2072 3057 2421 7101 6658
22 2437 4354 6363 3357 9108 9556 8479 6326 6260 2567 9043 1345 5835 2780 9352 9909 3865 9892 928 1985 2448 600
28 6935 8678 9578 611 9835 3670 8931 5344 2131 5168 3531 1888 503 1053 6219 5273 389 8921 8309 911 4793 5634 9698 1907 2670 5370 8820 3378
30 6975 9267 7927 9760 6562 6545 8916 9046 3605 874 3827 3857 7244 1581 8948 3709 3091 9580 3119 8769 5284 8497 9934 1309 5725 8963 7240 4400 3558 2034
35 9114 1649 8126 3984 4950 1324 5620 8835 2206 8958 3844 3389 9336 9670 4908 2178 3088 7569 1823 5639 2645 3387 7843 2102 2351 1233 9449 9397 1870 7359 8064 1600 1612 4438 6653
26 8580 9193 7646 685 8203 4256 5714 4665 1274 7661 3914 2610 2646 8598 3222 7763 3452 4356 1652 8627 5708 242 9308 1878 407 7468
39 5177 9706 8495 7412 7317 99 3287 8716 3720 5817 9102 5008 9896 7639 6044 8782 2856 7118 367 1558 5476 4384 3478 8496 9653 7411 153 9685 2901 6831 6461 1542 6010 2688 6232 7366 2015 723 6917
45 5379 9446 3234 8277 718 6199 1064 1382 7033 5363 6123 9454 3294 5074 3312 7855 5993 6777 3863 4564 9220 3039 1500 403 5682 4163 3245 2796 5038 9840 1002 55 9838 2056 9998 5686 8053 4152 2435 6969 705 5332 7479 269 106
32 2974 5030 8160 4407 1174 7306 7340 3228 8973 522 4949 912 9857 3694 7358 5460 2282 1239 1891 4028 5868 78 3803 3944 2319 3585 3842 8235 6502 3823 8084 6774
28 3284 1433 6356 1424 638 2846 4192 6594 2460 8961 6536 9597 4097 809 8779 5533 7672 7527 1871 2322 9262 3213 1455 4236 9159 9641 3232 8813
18 3487 7740 6246 1986 2809 9111 75 5424 8933 8826 2136 8903 6659 7398 2668 9671 7810 9103
18 4815 7747 6418 6075 7568 9008 6149 6578 5534 9737 6606 8361 2884 1074 2934 8019 9878 551
24 9347 1460 3112 5331 6848 4692 1144 1977 5090 4964 4720 4650 6998 4388 993 1482 8418 2054 8466 1459 7304 2077 3099 6218
17 1596 4973 4027 8859 8303 6425 8292 343 3769 4802 9659 1404 7488 9240 7676 5108 3051
27 9380 9514 1549 9313 9467 9461 8542 3602 3479 1925 7180 5232 5251 7570 1451 8527 5345 9076 4615 5016 6143 6911 8551 4151 7213 9871 907
17 7690 3527 3361 9375 4946 1635 4139 1011 9735 6735 8090 3833 5844 2528 8319 8787 4006
25 1322 7888 6688 2529 6094 8766 6993 1441 9647 5026 4661 8720 8145 9319 9661 7595 1715 2400 1420 1994 1880 3352 8520 3154 8251
29 5110 761 2006 278 9123 532 3543 9983 1727 2572 8671 1368 6990 2828 982 7631 1869 7784 3145 5462 968 3998 8089 3676 1918 7919 7692 6776 4099
21 7427 4016 8096 2691 6550 1262 6954 8550 8759 8923 381 9437 9959 8672 2010 2633 3799 6987 9073 8227 8491
37 9480 1643 4732 8171 9602 472 1 5087 244 8280 6868 344 3751 1416 1695 9022 6444 1055 9260 4478 7434 5369 2101 7688 324 3098 5094 9338 7285 3266 4138 2349 2255 743 6446 5555 1633
24 4812 1432 1426 3327 2587 9531 3062 3067 1585 1829 6498 7493 7778 3371 8254 433 917 661 46 1694 9059 1995 9357 3577
28 9237 94 2498 4553 5166 1857 6942 1234 2660 5710 3725 319 9606 9553 4433 3012 5937 8008 340 7922 4888 2617 241 1276 6541 548 5381 8315
29 6677 5798 799 439 2303 5780 2858 3501 1746 3467 8118 2543 2930 2308 1678 1491 5093 5228 5994 5386 4366 2110 3304 9888 272 3934 4626 7768 6379
27 450 1684 6297 6127 1135 8117 2050 6496 37 7649 9211 5239 6965 1216 5732 8158 387 6806 3072 9805 5138 2588 6099 8177 7215 7230 4660
26 4359 9185 476 8560 8459 1413 2205 2700 9192 7789 3989 4915 729 7458 148 2843 7518 1177 124 8980 3712 4501 3703 6979 3229 7121
22 1916 8498 7130 1122 5850 7083 7566 7999 4702 388 3173 2384 4816 4377 302 8967 7424 8295 838 5005 9900 7815
25 2017 1359 9656 392 5233 7146 2222 5121 511 7895 8246 6704 7034 4346 6139 5643 1555 226 553 8406 9199 5655 4604 797 5116
25 7920 7795 6042 6082 9057 1522 1446 4773 9094 2709 9867 9031 2016 1527 3427 1484 7294 8559 3671 8729 2656 4489 1080 8842 7476
28 2872 550 9107 4472 9030 835 2601 1229 6518 6023 8357 3700 1236 2040 621 1911 6271 6402 1944 2829 9852 6592 8563 2089 610 1772 9588 1012
32 3056 6072 4448 7745 9045 7760 4760 7811 187 1291 325 5032 8824 3342 4890 441 4216 868 8951 6225 4178 7265 5506 602 9208 3599 4012 7583 6805 8195 886 774
20 819 8301 4524 8806 6476 5146 1205 7131 1786 2704 3629 268 4482 1775 2512 1511 5948 1189 9565 8622
30 2868 4287 628 7175 4142 3174 8553 8131 2851 1546 4060 865 4630 9443 4542 7367 9952 1739 7362 9624 9785 7862 5290 5229 6088 4431 7395 3351 7211 4095
32 8645 7782 8717 9642 859 6644 7451 4162 7587 9415 3601 7031 824 8014 3661 8658 4715 9263 4396 2521 9305 1750 6268 8297 5989 980 3660 4437 895 1507 2696 1636
29 6388 3004 8068 2047 5163 3022 1245 6141 8711 7821 6047 3273 7884 9879 4747 3017 3891 5735 2695 8419 179 5667 1795 5580 2212 6161 3879 8989 9539
36 199 8699 639 6230 8437 7484 2104 4381 8823 3336 2420 2152 5841 6408 1682 7152 8097 2011 8799 5879 9122 1872 684 6792 5409 3557 462 7770 7826 1672 4159 1101 9155 1843 5569 1602
29 1230 9628 8749 2679 6836 1805 4952 7117 7607 4230 8011 2271 6913 7814 5642 4000 1894 6236 9144 9320 5291 2484 1799 3026 9283 2715 1084 609 9304
28 5081 1659 7122 5548 662 9517 8886 6200 6698 4606 6436 3297 2857 7381 8397 7847 2830 796 4669 2606 8865 5894 3742 2986 4331 7080 9615 657
20 5206 7796 9006 8895 7089 3726 176 8186 8345 6611 5673 5213 353 6140 6397 3014 4772 5637 8257 7250
26 5025 4288 2127 998 2093 4557 3829 5933 7669 8412 3788 8051 4607 8045 5319 624 825 8201 4035 4200 2097 7155 1571 8844 7788 6465
28 668 4766 1049 457 7026 6189 7816 5097 9583 8500 938 5591 7328 8094 4807 3647 4422 9569 9672 8652 9742 4648 9773 7868 9391 3433 1951 8784
33 4320 1031 563 8081 1304 2823 7736 1123 3636 2757 5891 8034 7578 6769 1331 1530 6162 1777 3093 7935 4291 975 872 3733 8783 333 7725 5757 9764 8098 900 6761 5737
14 7534 1466 9586 2350 2203 2264 7837 8322 3085 1595 2891 6989 5100 4724
36 1668 9342 8513 5861 8697 4357 1683 2266 6391 660 9287 3450 5133 9589 753 4324 4077 2732 9125 7138 1018 2865 4795 4442 6293 4829 8255 2185 7283 7008 2123 4584 1169 9314 3555 9371
43 1562 5201 2096 6256 9489 3178 2644 4750 384 7497 8208 9690 9950 3395 6005 409 327 8441 180 6290 7524 5252 5717 4471 6181 849 1796 1687 309 752 9062 5128 4042 2517 7133 7912 2530 3337 1186 4206 5783 1360 4800
31 1749 7112 9423 3484 8093 2728 5346 8333 2357 1284 200 9306 9898 3881 9743 9687 2913 6121 141 541 5480 7960 6300 3656 8004 3437 7043 3824 4070 9557 229
18 2520 4644 5050 3673 2218 6540 9173 3588 4906 7813 4024 1613 893 8002 5564 3502 5543 8599
34 5199 1390 3741 9935 7957 8567 4840 2511 9048 4475 6176 8756 8509 8862 6177 4473 4079 8943 8433 3603 5336 2961 2935 8052 6750 1255 9265 2477 7856 9967 5515 6712 6320 3123
35 6699 4731 1050 6452 4047 8266 2492 3401 3960 5918 9552 9066 538 6128 4911 79 5107 1577 9271 8111 4155 212 9406 5211 9954 6276 1825 4614 8593 9209 9312 1858 8411 8667 2655
29 207 4401 7504 415 6802 3604 5167 3904 9648 3978 429 4901 2807 2217 7632 3937 3030 342 2818 6360 509 9258 5072 66 4970 2542 2470 5227 8413
28 1454 4179 6359 2399 4306 9722 2614 7666 5349 8776 8953 9204 2762 1124 1708 512 9761 9944 1439 7361 1367 5719 670 9818 8492 4967 7348 6924
21 7001 3632 4470 7820 3313 4157 7059 1443 9532 8172 8115 3390 7634 2661 6033 5774 7535 3920 6719 3035 3468
26 8328 9407 5857 623 2899 3021 4468 3426 586 5758 7126 9180 9372 9834 7748 1393 767 3186 5935 1425 3587 8010 4573 4254 6985 3713
26 7064 2068 7056 4695 3470 93 7201 2024 6896 7214 7640 1579 6746 1539 1862 331 28 2793 1347 2508 622 3203 9083 3592 7990 618
33 186 8210 6691 9385 9777 3092 6372 9140 8847 6780 513 6597 3637 6629 6282 9497 952 366 6526 7483 7554 6849 8688 5410 2693 5976 5859 7477 8906 9463 754 2777 1523
24 288 1615 248 2485 4495 6664 1326 8430 3699 2664 9603 8476 2749 1335 9709 7342 3382 2261 5588 3185 7179 4825 3249 421
31 2035 634 3438 3250 5191 339 7349 8592 5123 9757 1235 7208 3596 915 1334 545 1791 7548 5991 3519 711 7794 4582 1853 7066 8843 8409 1001 4638 8804 5009
28 4976 3226 6672 89 300 8929 6782 5623 4986 1059 7369 4322 2724 3060 7582 5992 1106 9997 2794 9460 1966 8144 255 7573 6813 9963 5411 4676
29 6483 7890 7726 4770 4792 235 4588 9153 6245 5220 2640 6115 3721 7052 5842 2082 5845 4764 3000 9910 6289 593 7696 3125 3254 8025 7292 264 2751
31 8067 2069 6306 1658 8737 8321 9699 7656 6663 4011 8533 7165 7647 3075 9386 7812 6167 5250 9887 4469 7128 9368 1593 9927 2735 2600 6602 7038 423 2447 345
36 7227 7087 4253 2943 5387 7603 8133 4013 6419 6507 8323 7849 5416 6853 8739 7141 359 3976 9697 908 898 1538 4629 4453 9426 4182 4420 8810 8417 5219 4332 1431 5248 1351 5101 6794
28 2648 9523 3355 1631 2225 910 8774 1241 2449 1637 1560 5426 5472 8487 4120 2782 2386 6009 3116 5576 5741 5707 3888 6345 1396 9995 2219 6011
37 3496 9891 7706 5530 9726 4687 5864 9325 5407 2596 3406 5928 2501 735 6731 3985 1206 9817 2836 375 2345 6434 7419 3238 4154 7708 232 2381 5378 1997 4512 4643 507 3241 3020 4190 8649
24 5171 1323 9126 750 1824 363 931 256 2457 5932 5740 368 5347 7932 8260 8665 9255 7202 9902 1056 7683 1474 8908 3170
22 5216 3177 5807 4405 6542 4380 9060 2195 2233 95 8432 5687 399 6850 6347 2803 2802 4850 9962 6015 3941 4730
30 9512 4848 4017 1419 1160 2259 8950 9494 6558 3952 576 8285 9942 6936 323 5854 9660 4266 33 6456 2209 3403 1088 3328 9496 4049 9945 3077 9540 3664
20 5061 8694 3188 7574 655 6873 6493 5434 3675 350 183 3922 3554 315 2307 5685 3272 7338 7018 2746
25 6117 5602 1142 2967 4714 1569 7200 4782 9511 2055 8812 2067 2627 6432 1470 8972 7140 4330 9468 7110 9470 7547 3370 2443 1217
26 8763 4902 4596 116 7783 5949 6811 3729 5565 7327 3456 7330 4352 9894 6152 1714 594 8220 8270 6305 8445 8443 8642 673 4296 2694
25 6548 3252 1034 1038 9365 335 8538 8867 3767 4055 7332 8581 7517 2612 8647 3321 1674 182 5690 2402 9469 7764 5438 3128 9535
32 9536 7365 7674 5234 719 1047 1639 5908 9100 2150 7838 7520 9547 4245 6939 2163 4796 7406 7686 3040 9982 6533 4569 986 6125 435 3772 9054 85 2781 3310 5718
19 316 1742 2254 3962 7297 5540 5787 4522 6336 173 8798 9996 3027 669 6778 8271 9575 5723 8231
32 8339 160 8388 5500 2235 3571 1634 4337 3870 3137 6721 1371 6242 6902 9447 3846 2541 9041 453 8860 6961 8628 5858 5364 1751 9903 237 4141 2983 4334 7500 481
33 2379 6929 2356 667 7522 3717 1183 9216 9829 5092 9897 2220 4633 7415 5945 1901 43 741 7113 4188 1688 3830 6781 1987 8981 262 1874 7907 3195 3852 2428 2727 7491
34 6747 8217 7469 8876 8039 4096 8511 6904 2940 4003 1153 9730 1134 9285 8897 9675 6092 3539 3786 3966 8791 7540 736 9508 9492 109 8936 1666 888 139 4881 5423 7567 2199
31 7473 4434 8027 2415 2717 3420 1046 9634 4235 3807 7802 3812 6628 7222 759 953 9056 3912 3945 7287 9112 7857 2463 788 8468 8120 1311 8514 1819 1370 117
23 8734 875 3074 4710 2352 3298 1913 3126 5181 7324 338 4385 8684 1403 2274 9783 9587 2987 5502 5801 3063 7139 3180
29 2992 8174 193 9424 1081 8161 805 7944 3094 1516 7614 9858 8022 7472 9361 4742 6182 6737 9719 3933 9 6447 4924 2558 5885 8499 4008 4965 3482
50 5619 9763 7792 3784 9462 7588 156 9848 9311 5289 4207 1723 9310 5769 1041 6882 7993 4119 3158 5919 4741 3695 9242 3218 6967 8141 404 7132 1707 8554 464 8155 5226 7457 2471 4956 7772 4037 6416 7512 5221 5539 9630 9955 5154 1584 2117 3291 3457 4628
30 8755 2324 1020 7185 7142 5496 3159 2002 7771 9431 2368 1227 2761 5427 6695 4693 8742 3343 6674 3050 8775 6319 1023 3848 9099 9839 5529 9949 97 1480
21 2826 8265 8471 9600 9845 8624 3776 7685 834 2551 6070 1222 6061 4717 3611 9097 765 4166 5279 6228 9505
33 2736 2690 4878 8721 5443 8850 7266 8134 3681 8408 4002 8703 5969 9802 2652 4680 4392 5288 1690 5888 9574 1622 9071 7276 6087 5963 9844 7334 3522 8747 9979 8577 5931
20 9018 9623 9170 1949 8105 1619 2411 8470 6270 1601 4491 1476 2194 8920 9353 6499 2215 1745 5610 830
26 3906 6962 2132 3259 6857 1423 3448 3839 8519 784 4497 2791 7352 4160 2698 7414 1847 9951 4552 192 3140 8142 3301 6842 6620 6923
25 2099 5906 2364 9012 9023 2298 6633 9596 1722 8244 3956 1378 7758 687 9373 1453 7107 8811 3441 5053 974 5352 2586 479 4112
34 5952 7430 5519 2905 357 8200 5421 9788 8949 5013 1959 4358 5568 9178 8038 3619 6129 1354 4265 9264 9544 8166 2376 8365 4610 1958 1328 2620 5256 3084 733 7136 734 4745
38 7948 4305 5209 7 5905 1845 3528 8719 9856 8708 5901 7079 6067 4220 8657 3648 6604 3563 3860 5368 9315 7299 5756 1108 8042 6523 5376 6516 519 8882 9230 4197 1711 1774 3066 5681 2814 5579
33 4718 1859 9093 781 6601 2631 1802 2998 9733 2995 6273 5165 3156 3391 8870 6325 7926 2900 8827 6187 7584 904 5664 7397 4877 5522 3805 9917 9749 6192 6020 9190 7264
28 5536 1057 3061 5119 6955 5442 8473 4984 2875 5518 5999 5744 6667 7824 7507 7402 7509 2832 8830 5052 3672 1376 1506 5990 3623 9700 9072 7645
22 4832 9762 9425 1067 4123 3365 1161 5473 9174 6264 556 2878 4183 557 1927 8478 2812 3109 7183 3707 4323 8758
36 9890 9086 6262 4362 5456 7969 6554 8124 596 2989 6485 2238 6646 177 3964 5150 826 458 4503 1358 3172 138 6370 8772 2821 5694 4896 7249 2427 1192 7940 20 4185 4673 2232 6741
30 1178 3282 4173 9299 8376 8634 1647 3589 9836 3211 5348 2999 9550 8723 1650 8224 6943 8113 3190 9118 4403 6346 1877 2476 2602 6085 2718 5303 6657 9774
28 7106 5164 8818 3510 1501 1191 2747 6243 1978 7720 801 7762 4826 6477 8725 1697 9276 2481 7187 77 8219 2535 397 2098 2659 4818 2904 205
26 9808 7508 520 916 2549 9562 9932 1541 321 2088 7902 4705 1374 6376 9678 958 6335 9620 1989 1526 5820 6048 1515 583 111 7389
27 3576 8221 7192 9010 2116 3498 3529 8274 560 9681 2019 2642 6119 4907 1325 6024 8977 7889 7392 4318 3338 1762 7050 6803 643 5733 5487
18 7934 7343 59 5560 4757 9187 1883 4817 6439 3561 6512 7422 4196 312 1486 7836 6640 2012
29 8065 715 4929 3069 3650 6392 2870 523 4419 2030 8597 2922 1272 4570 8313 7710 1218 7590 5230 1468 1982 2798 3278 7846 9906 1005 6564 8239 9862
28 45 5671 9074 8832 2318 1974 6801 2519 9608 249 6889 4240 8700 3235 1700 9128 5925 1212 2877 6933 461 2026 7218 3111 4170 7370 941 5088
38 7662 2947 8745 1586 1091 8852 7630 4744 3658 5237 6631 8181 2165 5022 4203 2927 590 4579 5175 4842 5818 9595 2523 9976 6267 9110 1518 3114 7988 1119 2622 6286 4711 5614 6302 9990 8307 4707
20 8670 3758 9212 8869 3029 8136 6488 2432 4968 8669 6089 2367 250 579 1495 5702 2703 2500 3728 7289
27 7284 6752 8996 115 3404 137 727 9065 780 9526 2419 5153 1381 7203 1583 5630 6412 4274 6855 5437 6414 8885 979 1509 7859 2532 5806
22 4529 5365 2862 1442 9344 6733 3168 521 2455 9758 9432 4210 7545 2157 5329 239 8685 2888 5114 5474 8868 4624
24 7675 3911 4089 2741 4709 4087 6069 6114 5834 1692 6283 3314 4728 1297 1220 9215 9247 2057 265 8568 8915 71 8130 169
19 7975 5981 7356 6787 8918 717 7663 4697 4519 3552 5170 8547 5004 7346 7899 8102 8063 9440 4723
30 4088 6555 5703 65 6022 1152 7605 8197 2473 7048 7221 2635 2128 5045 4893 6788 135 6080 2155 8822 7171 8183 4379 3631 983 7604 7866 8790 1288 6108
30 3615 5559 7575 1950 9451 8046 386 5464 293 989 5308 5973 2109 6605 6878 2046 6843 5892 6400 8935 3802 5553 9832 2409 6340 279 3108 2861 1641 2263
35 6903 1269 4229 1100 1908 8541 7617 9798 7314 7150 8312 2876 8086 7374 4755 2095 649 4342 5866 4378 1656 3969 8562 7529 6705 574 282 8607 3847 8644 9294 5155 4898 3028 3696
26 5875 9321 8384 9367 5498 3974 3143 6921 9713 7023 5457 6274 2305 2514 3194 7400 530 6134 7833 6549 764 4191 3515 3339 6846 2396
38 9812 9409 4043 2683 5545 9973 1644 29 2156 7716 6927 2775 2996 4092 4798 7622 7914 128 4030 7887 517 3735 190 631 9098 2334 1648 9703 8512 5459 6150 9413 8416 2848 9853 8414 6832 738
18 2436 6405 8927 9388 4421 4172 9465 9577 2869 6537 8168 2083 2321 2374 7091 2036 8047 6515
27 4054 690 7151 5429 806 8990 8305 4871 3350 7987 9226 13 706 1654 4286 2729 4406 7404 1864 5078 9131 3794 7641 2765 4933 9068 4481
22 361 949 8715 7513 7157 847 5046 4838 8272 2130 8071 6783 1946 4927 3983 2569 964 8517 2534 1485 8932 5947
25 1718 1171 1919 4914 9667 7068 2526 8979 7800 6839 1490 294 8288 569 8448 1316 7831 7408 4129 559 5626 380 6079 7536 9787
22 1875 540 5408 9384 1078 103 2005 5998 7558 1147 1132 8330 3634 4100 5923 1920 5445 377 1492 7199 2112 2200
22 5507 3796 1811 8291 8608 1642 8226 7997 6869 4363 7129 2684 3886 5960 5644 9831 7426 619 4161 3136 7390 9631
24 9930 3687 6399 4526 3760 3569 8334 991 3292 6291 7955 6377 202 8786 6817 773 1716 5566 2332 2740 1408 6573 8268 2593
21 369 3305 8298 1252 5001 7805 896 6934 8894 8040 4987 1803 6050 5494 8318 5268 8855 2118 6433 3781 9701
22 4670 1008 4583 470 9228 6642 9521 7655 8222 8116 8023 9689 2676 3679 9974 4460 3537 6820 3044 2708 2666 2712
27 6932 4167 8768 9515 9021 9003 4093 6301 6660 3840 1993 9289 5080 5169 4211 6926 8727 2597 2838 4007 8403 3377 2784 5954 5650 616 7732
20 6568 5255 3499 1472 5047 2377 1130 8789 3755 3930 1532 606 7697 5422 4370 6711 1766 4941 4227 5377
29 6856 8169 6858 3460 6758 7827 9396 8299 1957 1467 3080 8386 7195 1308 108 3594 1932 1456 9558 3161 8626 4708 6937 8490 1391 1197 9664 3893 4637
34 7625 6321 7495 6329 770 988 8911 1945 783 6840 5144 1422 197 7268 5621 2300 5970 704 1568 9769 5747 9147 2111 9092 2958 9789 5372 9219 508 5235 5612 7869 4617 2323
17 2276 5958 722 9529 7485 6083 6431 2453 8377 2270 6441 8156 6049 7539 8544 5979 6221
28 8243 5382 3118 6860 3429 5086 1943 3415 391 7937 1929 5193 755 64 6786 1679 2161 5218 4294 3693 2042 2896 8656 4466 9328 1209 3255 2191
40 301 9893 6248 625 8549 2475 9318 3258 1780 8439 5501 3147 6410 2779 7156 9666 3628 8074 1305 8648 9412 1740 9542 7054 8896 4672 7207 6339 5400 6034 3432 4559 1529 6501 5524 7851 2630 2720 1638 6838
37 4067 7867 8205 7006 7750 5297 8463 4415 9708 8434 5245 8029 320 8057 6442 2029 1247 500 6417 6396 4895 8947 113 2719 2662 2975 1567 7828 8163 6381 2167 4867 1960 2330 9301 2071 2328
27 5913 2201 6007 6960 208 5514 959 2499 9718 5843 5484 4642 8453 1483 3070 1294 9882 2706 1409 6068 1120 1087 5310 9417 6539 8530 2980
23 2839 6599 7281 9731 2678 7892 5152 3568 4858 5049 966 2371 4304 4736 9243 742 5965 5311 6685 7733 2480 8636 2074
24 3534 5802 4404 8712 3068 6394 7102 411 9206 7487 7589 6700 348 8922 2464 8248 7832 995 6804 3890 8857 5869 2353 1736
40 8620 1180 6508 4601 3089 1415 9801 7220 9859 7974 1720 8910 3975 9738 9223 3565 4174 3979 9518 3163 9293 7015 3918 757 5583 1089 6330 4966 3102 8724 6012 2767 21 867 2048 7893 2813 485 7556 6879
31 354 4465 6101 7972 2389 8877 455 9752 7746 6146 3627 702 1090 5269 9430 7577 1814 2580 7564 614 568 9960 8937 1273 8887 2604 1029 2081 7205 1834 4932
36 4350 3263 2049 5672 4837 5350 745 8709 9274 5018 9127 7858 322 4486 7147 9105 2412 5653 5051 1759 4215 7445 8230 7323 5182 7722 7173 2320 9811 747 1154 449 7909 330 1705 5895